2022-08-21 16:43:55.131 [INFO] swagger ui is serving at address: http://127.0.0.1:8080/swagger/ 
2022-08-21 16:43:55.131 [INFO] openapi specification is serving at address: http://127.0.0.1:8080/api.json 
2022-08-21 16:43:55.132 [INFO] pid[8040]: http server started listening on [:8080] 

  ADDRESS | METHOD |   ROUTE    |                             HANDLER                             |           MIDDLEWARE             
----------|--------|------------|-----------------------------------------------------------------|----------------------------------
  :8080   | ALL    | /*         | github.com/gogf/gf/v2/net/ghttp.internalMiddlewareServerTracing | GLOBAL MIDDLEWARE                
----------|--------|------------|-----------------------------------------------------------------|----------------------------------
  :8080   | ALL    | /api.json  | github.com/gogf/gf/v2/net/ghttp.(*Server).openapiSpec           |                                  
----------|--------|------------|-----------------------------------------------------------------|----------------------------------
  :8080   | GET    | /dynasty   | poetry/internal/controller.(*cDynasty).Index                    | ghttp.MiddlewareHandlerResponse  
----------|--------|------------|-----------------------------------------------------------------|----------------------------------
  :8080   | ALL    | /swagger/* | github.com/gogf/gf/v2/net/ghttp.(*Server).swaggerUI             | HOOK_BEFORE_SERVE                
----------|--------|------------|-----------------------------------------------------------------|----------------------------------
 
2022-08-21 16:50:39.079 [INFO] pid[8040]: all servers shutdown 
2022-08-21 16:50:41.485 [INFO] swagger ui is serving at address: http://127.0.0.1:8080/swagger/ 
2022-08-21 16:50:41.485 [INFO] openapi specification is serving at address: http://127.0.0.1:8080/api.json 
2022-08-21 16:50:41.486 [INFO] pid[8638]: http server started listening on [:8080] 
2022-08-21 16:51:53.437 [INFO] swagger ui is serving at address: http://127.0.0.1:8080/swagger/ 
2022-08-21 16:51:53.437 [INFO] openapi specification is serving at address: http://127.0.0.1:8080/api.json 
2022-08-21 16:51:53.437 [INFO] pid[8711]: http server started listening on [:8080] 
2022-08-21 16:52:28.095 [INFO] swagger ui is serving at address: http://127.0.0.1:8080/swagger/ 
2022-08-21 16:52:28.095 [INFO] openapi specification is serving at address: http://127.0.0.1:8080/api.json 
2022-08-21 16:52:28.095 [INFO] pid[8810]: http server started listening on [:8080] 
2022-08-21 16:52:48.542 [INFO] swagger ui is serving at address: http://127.0.0.1:8080/swagger/ 
2022-08-21 16:52:48.542 [INFO] openapi specification is serving at address: http://127.0.0.1:8080/api.json 
2022-08-21 16:52:48.543 [INFO] pid[8935]: http server started listening on [:8080] 
2022-08-21 16:53:21.683 [INFO] swagger ui is serving at address: http://127.0.0.1:8080/swagger/ 
2022-08-21 16:53:21.683 [INFO] openapi specification is serving at address: http://127.0.0.1:8080/api.json 
2022-08-21 16:53:21.683 [INFO] pid[9015]: http server started listening on [:8080] 

  ADDRESS | METHOD |   ROUTE    |                             HANDLER                             |           MIDDLEWARE             
----------|--------|------------|-----------------------------------------------------------------|----------------------------------
  :8080   | ALL    | /*         | github.com/gogf/gf/v2/net/ghttp.internalMiddlewareServerTracing | GLOBAL MIDDLEWARE                
----------|--------|------------|-----------------------------------------------------------------|----------------------------------
  :8080   | ALL    | /api.json  | github.com/gogf/gf/v2/net/ghttp.(*Server).openapiSpec           |                                  
----------|--------|------------|-----------------------------------------------------------------|----------------------------------
  :8080   | GET    | /dynasty   | poetry/internal/controller.(*cDynasty).Index                    | ghttp.MiddlewareHandlerResponse  
----------|--------|------------|-----------------------------------------------------------------|----------------------------------
  :8080   | ALL    | /swagger/* | github.com/gogf/gf/v2/net/ghttp.(*Server).swaggerUI             | HOOK_BEFORE_SERVE                
----------|--------|------------|-----------------------------------------------------------------|----------------------------------
 
2022-08-21 16:53:24.168 [INFO] pid[9015]: all servers shutdown 
2022-08-21 16:55:21.989 [INFO] swagger ui is serving at address: http://127.0.0.1:8080/swagger/ 
2022-08-21 16:55:21.989 [INFO] openapi specification is serving at address: http://127.0.0.1:8080/api.json 
2022-08-21 16:55:21.990 [INFO] pid[9381]: http server started listening on [:8080] 

  ADDRESS | METHOD |   ROUTE    |                             HANDLER                             |           MIDDLEWARE             
----------|--------|------------|-----------------------------------------------------------------|----------------------------------
  :8080   | ALL    | /*         | github.com/gogf/gf/v2/net/ghttp.internalMiddlewareServerTracing | GLOBAL MIDDLEWARE                
----------|--------|------------|-----------------------------------------------------------------|----------------------------------
  :8080   | ALL    | /api.json  | github.com/gogf/gf/v2/net/ghttp.(*Server).openapiSpec           |                                  
----------|--------|------------|-----------------------------------------------------------------|----------------------------------
  :8080   | GET    | /dynasty   | poetry/internal/controller.(*cDynasty).Index                    | ghttp.MiddlewareHandlerResponse  
----------|--------|------------|-----------------------------------------------------------------|----------------------------------
  :8080   | ALL    | /swagger/* | github.com/gogf/gf/v2/net/ghttp.(*Server).swaggerUI             | HOOK_BEFORE_SERVE                
----------|--------|------------|-----------------------------------------------------------------|----------------------------------
 
2022-08-21 16:57:24.174 [INFO] pid[9381]: all servers shutdown 
2022-08-21 16:57:27.682 [INFO] swagger ui is serving at address: http://127.0.0.1:8080/swagger/ 
2022-08-21 16:57:27.682 [INFO] openapi specification is serving at address: http://127.0.0.1:8080/api.json 
2022-08-21 16:57:27.682 [INFO] pid[9569]: http server started listening on [:8080] 

  ADDRESS | METHOD |   ROUTE    |                             HANDLER                             |           MIDDLEWARE             
----------|--------|------------|-----------------------------------------------------------------|----------------------------------
  :8080   | ALL    | /*         | github.com/gogf/gf/v2/net/ghttp.internalMiddlewareServerTracing | GLOBAL MIDDLEWARE                
----------|--------|------------|-----------------------------------------------------------------|----------------------------------
  :8080   | ALL    | /api.json  | github.com/gogf/gf/v2/net/ghttp.(*Server).openapiSpec           |                                  
----------|--------|------------|-----------------------------------------------------------------|----------------------------------
  :8080   | GET    | /dynasty   | poetry/internal/controller.(*cDynasty).Index                    | ghttp.MiddlewareHandlerResponse  
----------|--------|------------|-----------------------------------------------------------------|----------------------------------
  :8080   | ALL    | /swagger/* | github.com/gogf/gf/v2/net/ghttp.(*Server).swaggerUI             | HOOK_BEFORE_SERVE                
----------|--------|------------|-----------------------------------------------------------------|----------------------------------
 
2022-08-21 16:58:21.057 [INFO] pid[9569]: all servers shutdown 
2022-08-21 16:58:23.569 [INFO] swagger ui is serving at address: http://127.0.0.1:8080/swagger/ 
2022-08-21 16:58:23.569 [INFO] openapi specification is serving at address: http://127.0.0.1:8080/api.json 
2022-08-21 16:58:23.569 [INFO] pid[9730]: http server started listening on [:8080] 

  ADDRESS | METHOD |   ROUTE    |                             HANDLER                             |           MIDDLEWARE             
----------|--------|------------|-----------------------------------------------------------------|----------------------------------
  :8080   | ALL    | /*         | github.com/gogf/gf/v2/net/ghttp.internalMiddlewareServerTracing | GLOBAL MIDDLEWARE                
----------|--------|------------|-----------------------------------------------------------------|----------------------------------
  :8080   | ALL    | /api.json  | github.com/gogf/gf/v2/net/ghttp.(*Server).openapiSpec           |                                  
----------|--------|------------|-----------------------------------------------------------------|----------------------------------
  :8080   | GET    | /dynasty   | poetry/internal/controller.(*cDynasty).Index                    | ghttp.MiddlewareHandlerResponse  
----------|--------|------------|-----------------------------------------------------------------|----------------------------------
  :8080   | ALL    | /swagger/* | github.com/gogf/gf/v2/net/ghttp.(*Server).swaggerUI             | HOOK_BEFORE_SERVE                
----------|--------|------------|-----------------------------------------------------------------|----------------------------------
 
2022-08-21 16:59:20.696 [INFO] pid[9730]: all servers shutdown 
2022-08-21 16:59:23.219 [INFO] swagger ui is serving at address: http://127.0.0.1:8080/swagger/ 
2022-08-21 16:59:23.219 [INFO] openapi specification is serving at address: http://127.0.0.1:8080/api.json 
2022-08-21 16:59:23.220 [INFO] pid[9858]: http server started listening on [:8080] 

  ADDRESS | METHOD |   ROUTE    |                             HANDLER                             |           MIDDLEWARE             
----------|--------|------------|-----------------------------------------------------------------|----------------------------------
  :8080   | ALL    | /*         | github.com/gogf/gf/v2/net/ghttp.internalMiddlewareServerTracing | GLOBAL MIDDLEWARE                
----------|--------|------------|-----------------------------------------------------------------|----------------------------------
  :8080   | ALL    | /api.json  | github.com/gogf/gf/v2/net/ghttp.(*Server).openapiSpec           |                                  
----------|--------|------------|-----------------------------------------------------------------|----------------------------------
  :8080   | GET    | /dynasty   | poetry/internal/controller.(*cDynasty).Index                    | ghttp.MiddlewareHandlerResponse  
----------|--------|------------|-----------------------------------------------------------------|----------------------------------
  :8080   | ALL    | /swagger/* | github.com/gogf/gf/v2/net/ghttp.(*Server).swaggerUI             | HOOK_BEFORE_SERVE                
----------|--------|------------|-----------------------------------------------------------------|----------------------------------
 
2022-08-21 17:02:19.950 [INFO] pid[9858]: all servers shutdown 
2022-08-21 17:02:26.466 [INFO] swagger ui is serving at address: http://127.0.0.1:8080/swagger/ 
2022-08-21 17:02:26.466 [INFO] openapi specification is serving at address: http://127.0.0.1:8080/api.json 
2022-08-21 17:02:26.467 [INFO] pid[9966]: http server started listening on [:8080] 

  ADDRESS | METHOD |   ROUTE    |                             HANDLER                             |           MIDDLEWARE             
----------|--------|------------|-----------------------------------------------------------------|----------------------------------
  :8080   | ALL    | /*         | github.com/gogf/gf/v2/net/ghttp.internalMiddlewareServerTracing | GLOBAL MIDDLEWARE                
----------|--------|------------|-----------------------------------------------------------------|----------------------------------
  :8080   | ALL    | /api.json  | github.com/gogf/gf/v2/net/ghttp.(*Server).openapiSpec           |                                  
----------|--------|------------|-----------------------------------------------------------------|----------------------------------
  :8080   | GET    | /dynasty   | poetry/internal/controller.(*cDynasty).Index                    | ghttp.MiddlewareHandlerResponse  
----------|--------|------------|-----------------------------------------------------------------|----------------------------------
  :8080   | ALL    | /swagger/* | github.com/gogf/gf/v2/net/ghttp.(*Server).swaggerUI             | HOOK_BEFORE_SERVE                
----------|--------|------------|-----------------------------------------------------------------|----------------------------------
 
2022-08-21 17:58:08.548 [INFO] pid[9966]: all servers shutdown 
2022-08-21 17:58:12.524 [DEBU] SetServerRoot path: /Users/tea/program/go/poetry/resource/public 
2022-08-21 17:58:12.529 [INFO] swagger ui is serving at address: http://127.0.0.1:8080/swagger/ 
2022-08-21 17:58:12.529 [INFO] openapi specification is serving at address: http://127.0.0.1:8080/api.json 
2022-08-21 17:58:12.530 [INFO] pid[21691]: http server started listening on [:8080] 

  ADDRESS | METHOD |   ROUTE    |                             HANDLER                             |           MIDDLEWARE             
----------|--------|------------|-----------------------------------------------------------------|----------------------------------
  :8080   | ALL    | /*         | github.com/gogf/gf/v2/net/ghttp.internalMiddlewareServerTracing | GLOBAL MIDDLEWARE                
----------|--------|------------|-----------------------------------------------------------------|----------------------------------
  :8080   | ALL    | /api.json  | github.com/gogf/gf/v2/net/ghttp.(*Server).openapiSpec           |                                  
----------|--------|------------|-----------------------------------------------------------------|----------------------------------
  :8080   | GET    | /dynasty   | poetry/internal/controller.(*cDynasty).Index                    | ghttp.MiddlewareHandlerResponse  
----------|--------|------------|-----------------------------------------------------------------|----------------------------------
  :8080   | ALL    | /swagger/* | github.com/gogf/gf/v2/net/ghttp.(*Server).swaggerUI             | HOOK_BEFORE_SERVE                
----------|--------|------------|-----------------------------------------------------------------|----------------------------------
 
2022-08-21 18:14:38.907 [INFO] pid[21691]: all servers shutdown 
2022-08-21 18:14:42.302 [DEBU] SetServerRoot path: /Users/tea/program/go/poetry/resource/public 
2022-08-21 18:14:42.307 [INFO] swagger ui is serving at address: http://127.0.0.1:8080/swagger/ 
2022-08-21 18:14:42.307 [INFO] openapi specification is serving at address: http://127.0.0.1:8080/api.json 
2022-08-21 18:14:42.307 [INFO] pid[23187]: http server started listening on [:8080] 

  ADDRESS | METHOD |    ROUTE     |                             HANDLER                             |           MIDDLEWARE             
----------|--------|--------------|-----------------------------------------------------------------|----------------------------------
  :8080   | ALL    | /*           | github.com/gogf/gf/v2/net/ghttp.internalMiddlewareServerTracing | GLOBAL MIDDLEWARE                
----------|--------|--------------|-----------------------------------------------------------------|----------------------------------
  :8080   | ALL    | /api.json    | github.com/gogf/gf/v2/net/ghttp.(*Server).openapiSpec           |                                  
----------|--------|--------------|-----------------------------------------------------------------|----------------------------------
  :8080   | GET    | /api/dynasty | poetry/internal/controller.(*cDynasty).Index                    | ghttp.MiddlewareHandlerResponse  
----------|--------|--------------|-----------------------------------------------------------------|----------------------------------
  :8080   | ALL    | /swagger/*   | github.com/gogf/gf/v2/net/ghttp.(*Server).swaggerUI             | HOOK_BEFORE_SERVE                
----------|--------|--------------|-----------------------------------------------------------------|----------------------------------
 
2022-08-21 18:18:26.338 [INFO] pid[23187]: all servers shutdown 
2022-08-21 18:18:28.949 [DEBU] SetServerRoot path: /Users/tea/program/go/poetry/resource/public 
2022-08-21 18:18:28.954 [INFO] swagger ui is serving at address: http://127.0.0.1:8080/swagger/ 
2022-08-21 18:18:28.954 [INFO] openapi specification is serving at address: http://127.0.0.1:8080/api.json 
2022-08-21 18:18:28.954 [INFO] pid[23295]: http server started listening on [:8080] 

  ADDRESS | METHOD |    ROUTE     |                             HANDLER                             |           MIDDLEWARE             
----------|--------|--------------|-----------------------------------------------------------------|----------------------------------
  :8080   | ALL    | /*           | github.com/gogf/gf/v2/net/ghttp.internalMiddlewareServerTracing | GLOBAL MIDDLEWARE                
----------|--------|--------------|-----------------------------------------------------------------|----------------------------------
  :8080   | ALL    | /api.json    | github.com/gogf/gf/v2/net/ghttp.(*Server).openapiSpec           |                                  
----------|--------|--------------|-----------------------------------------------------------------|----------------------------------
  :8080   | GET    | /api/dynasty | poetry/internal/controller.(*cDynasty).Index                    | ghttp.MiddlewareHandlerResponse  
----------|--------|--------------|-----------------------------------------------------------------|----------------------------------
  :8080   | ALL    | /swagger/*   | github.com/gogf/gf/v2/net/ghttp.(*Server).swaggerUI             | HOOK_BEFORE_SERVE                
----------|--------|--------------|-----------------------------------------------------------------|----------------------------------
 
2022-08-21 18:18:53.130 [INFO] pid[23295]: all servers shutdown 
2022-08-21 18:18:56.545 [DEBU] SetServerRoot path: /Users/tea/program/go/poetry/resource/public/html 
2022-08-21 18:18:56.549 [INFO] swagger ui is serving at address: http://127.0.0.1:8080/swagger/ 
2022-08-21 18:18:56.550 [INFO] openapi specification is serving at address: http://127.0.0.1:8080/api.json 
2022-08-21 18:18:56.550 [INFO] pid[23400]: http server started listening on [:8080] 

  ADDRESS | METHOD |    ROUTE     |                             HANDLER                             |           MIDDLEWARE             
----------|--------|--------------|-----------------------------------------------------------------|----------------------------------
  :8080   | ALL    | /*           | github.com/gogf/gf/v2/net/ghttp.internalMiddlewareServerTracing | GLOBAL MIDDLEWARE                
----------|--------|--------------|-----------------------------------------------------------------|----------------------------------
  :8080   | ALL    | /api.json    | github.com/gogf/gf/v2/net/ghttp.(*Server).openapiSpec           |                                  
----------|--------|--------------|-----------------------------------------------------------------|----------------------------------
  :8080   | GET    | /api/dynasty | poetry/internal/controller.(*cDynasty).Index                    | ghttp.MiddlewareHandlerResponse  
----------|--------|--------------|-----------------------------------------------------------------|----------------------------------
  :8080   | ALL    | /swagger/*   | github.com/gogf/gf/v2/net/ghttp.(*Server).swaggerUI             | HOOK_BEFORE_SERVE                
----------|--------|--------------|-----------------------------------------------------------------|----------------------------------
 
2022-08-21 18:23:02.525 [INFO] pid[23400]: all servers shutdown 
2022-08-21 18:23:05.856 [DEBU] SetServerRoot path: /Users/tea/program/go/poetry/resource/public/html 
2022-08-21 18:23:05.861 [INFO] swagger ui is serving at address: http://127.0.0.1:8080/swagger/ 
2022-08-21 18:23:05.862 [INFO] openapi specification is serving at address: http://127.0.0.1:8080/api.json 
2022-08-21 18:23:05.862 [INFO] pid[23700]: http server started listening on [:8080] 

  ADDRESS | METHOD |    ROUTE     |                             HANDLER                             |           MIDDLEWARE             
----------|--------|--------------|-----------------------------------------------------------------|----------------------------------
  :8080   | ALL    | /*           | github.com/gogf/gf/v2/net/ghttp.internalMiddlewareServerTracing | GLOBAL MIDDLEWARE                
----------|--------|--------------|-----------------------------------------------------------------|----------------------------------
  :8080   | ALL    | /api.json    | github.com/gogf/gf/v2/net/ghttp.(*Server).openapiSpec           |                                  
----------|--------|--------------|-----------------------------------------------------------------|----------------------------------
  :8080   | GET    | /api/dynasty | poetry/internal/controller.(*cDynasty).Index                    | ghttp.MiddlewareHandlerResponse  
----------|--------|--------------|-----------------------------------------------------------------|----------------------------------
  :8080   | ALL    | /swagger/*   | github.com/gogf/gf/v2/net/ghttp.(*Server).swaggerUI             | HOOK_BEFORE_SERVE                
----------|--------|--------------|-----------------------------------------------------------------|----------------------------------
 
2022-08-21 18:26:03.185 [INFO] pid[23700]: all servers shutdown 
2022-08-21 18:26:06.065 [DEBU] SetServerRoot path: /Users/tea/program/go/poetry/resource/public/html 
2022-08-21 18:26:06.069 [INFO] swagger ui is serving at address: http://127.0.0.1:8080/swagger/ 
2022-08-21 18:26:06.070 [INFO] openapi specification is serving at address: http://127.0.0.1:8080/api.json 
2022-08-21 18:26:06.070 [INFO] pid[24018]: http server started listening on [:8080] 

  ADDRESS | METHOD |    ROUTE     |                             HANDLER                             |           MIDDLEWARE             
----------|--------|--------------|-----------------------------------------------------------------|----------------------------------
  :8080   | ALL    | /*           | github.com/gogf/gf/v2/net/ghttp.internalMiddlewareServerTracing | GLOBAL MIDDLEWARE                
----------|--------|--------------|-----------------------------------------------------------------|----------------------------------
  :8080   | ALL    | /api.json    | github.com/gogf/gf/v2/net/ghttp.(*Server).openapiSpec           |                                  
----------|--------|--------------|-----------------------------------------------------------------|----------------------------------
  :8080   | GET    | /api/dynasty | poetry/internal/controller.(*cDynasty).Index                    | ghttp.MiddlewareHandlerResponse  
----------|--------|--------------|-----------------------------------------------------------------|----------------------------------
  :8080   | ALL    | /swagger/*   | github.com/gogf/gf/v2/net/ghttp.(*Server).swaggerUI             | HOOK_BEFORE_SERVE                
----------|--------|--------------|-----------------------------------------------------------------|----------------------------------
 
2022-08-21 18:50:25.541 [INFO] pid[24018]: all servers shutdown 
2022-08-21 20:38:22.533 [DEBU] SetServerRoot path: /Users/tea/program/go/poetry/resource/public 
2022-08-21 20:38:22.538 [INFO] swagger ui is serving at address: http://127.0.0.1:8080/swagger/ 
2022-08-21 20:38:22.539 [INFO] openapi specification is serving at address: http://127.0.0.1:8080/api.json 
2022-08-21 20:38:22.539 [INFO] pid[25693]: http server started listening on [:8080] 

  ADDRESS | METHOD |    ROUTE     |                             HANDLER                             |           MIDDLEWARE             
----------|--------|--------------|-----------------------------------------------------------------|----------------------------------
  :8080   | ALL    | /*           | github.com/gogf/gf/v2/net/ghttp.internalMiddlewareServerTracing | GLOBAL MIDDLEWARE                
----------|--------|--------------|-----------------------------------------------------------------|----------------------------------
  :8080   | ALL    | /api.json    | github.com/gogf/gf/v2/net/ghttp.(*Server).openapiSpec           |                                  
----------|--------|--------------|-----------------------------------------------------------------|----------------------------------
  :8080   | GET    | /api/dynasty | poetry/internal/controller.(*cDynasty).Index                    | ghttp.MiddlewareHandlerResponse  
----------|--------|--------------|-----------------------------------------------------------------|----------------------------------
  :8080   | ALL    | /swagger/*   | github.com/gogf/gf/v2/net/ghttp.(*Server).swaggerUI             | HOOK_BEFORE_SERVE                
----------|--------|--------------|-----------------------------------------------------------------|----------------------------------
 
2022-08-21 21:42:44.380 [INFO] pid[25693]: all servers shutdown 
2022-08-21 21:55:26.692 [DEBU] SetServerRoot path: /Users/tea/program/go/poetry/resource/public 
2022-08-21 21:55:26.697 [INFO] swagger ui is serving at address: http://127.0.0.1:8080/swagger/ 
2022-08-21 21:55:26.697 [INFO] openapi specification is serving at address: http://127.0.0.1:8080/api.json 
2022-08-21 21:55:26.698 [INFO] pid[31383]: http server started listening on [:8080] 

  ADDRESS | METHOD |    ROUTE     |                             HANDLER                             |           MIDDLEWARE             
----------|--------|--------------|-----------------------------------------------------------------|----------------------------------
  :8080   | ALL    | /*           | github.com/gogf/gf/v2/net/ghttp.internalMiddlewareServerTracing | GLOBAL MIDDLEWARE                
----------|--------|--------------|-----------------------------------------------------------------|----------------------------------
  :8080   | ALL    | /api.json    | github.com/gogf/gf/v2/net/ghttp.(*Server).openapiSpec           |                                  
----------|--------|--------------|-----------------------------------------------------------------|----------------------------------
  :8080   | GET    | /api/dynasty | poetry/internal/controller.(*cDynasty).Index                    | ghttp.MiddlewareHandlerResponse  
----------|--------|--------------|-----------------------------------------------------------------|----------------------------------
  :8080   | ALL    | /swagger/*   | github.com/gogf/gf/v2/net/ghttp.(*Server).swaggerUI             | HOOK_BEFORE_SERVE                
----------|--------|--------------|-----------------------------------------------------------------|----------------------------------
 
2022-08-21 21:57:01.136 [INFO] pid[31383]: all servers shutdown 
2022-08-21 21:57:05.035 [DEBU] SetServerRoot path: /Users/tea/program/go/poetry/resource/public 
2022-08-21 21:57:05.038 [INFO] swagger ui is serving at address: http://127.0.0.1:8080/swagger/ 
2022-08-21 21:57:05.038 [INFO] openapi specification is serving at address: http://127.0.0.1:8080/api.json 
2022-08-21 21:57:05.038 [INFO] pid[31472]: http server started listening on [:8080] 

  ADDRESS | METHOD |      ROUTE      |                             HANDLER                             |           MIDDLEWARE             
----------|--------|-----------------|-----------------------------------------------------------------|----------------------------------
  :8080   | ALL    | /*              | github.com/gogf/gf/v2/net/ghttp.internalMiddlewareServerTracing | GLOBAL MIDDLEWARE                
----------|--------|-----------------|-----------------------------------------------------------------|----------------------------------
  :8080   | ALL    | /api.json       | github.com/gogf/gf/v2/net/ghttp.(*Server).openapiSpec           |                                  
----------|--------|-----------------|-----------------------------------------------------------------|----------------------------------
  :8080   | GET    | /api/dynasty    | poetry/internal/controller.(*cDynasty).Index                    | ghttp.MiddlewareHandlerResponse  
----------|--------|-----------------|-----------------------------------------------------------------|----------------------------------
  :8080   | GET    | /api/poem/today | poetry/internal/controller.(*cPoem).Today                       | ghttp.MiddlewareHandlerResponse  
----------|--------|-----------------|-----------------------------------------------------------------|----------------------------------
  :8080   | ALL    | /swagger/*      | github.com/gogf/gf/v2/net/ghttp.(*Server).swaggerUI             | HOOK_BEFORE_SERVE                
----------|--------|-----------------|-----------------------------------------------------------------|----------------------------------
 
2022-08-21 21:59:33.003 [INFO] pid[31472]: all servers shutdown 
2022-08-21 21:59:35.258 [DEBU] SetServerRoot path: /Users/tea/program/go/poetry/resource/public 
2022-08-21 21:59:35.260 [INFO] swagger ui is serving at address: http://127.0.0.1:8080/swagger/ 
2022-08-21 21:59:35.261 [INFO] openapi specification is serving at address: http://127.0.0.1:8080/api.json 
2022-08-21 21:59:35.261 [INFO] pid[31831]: http server started listening on [:8080] 

  ADDRESS | METHOD |      ROUTE      |                             HANDLER                             |           MIDDLEWARE             
----------|--------|-----------------|-----------------------------------------------------------------|----------------------------------
  :8080   | ALL    | /*              | github.com/gogf/gf/v2/net/ghttp.internalMiddlewareServerTracing | GLOBAL MIDDLEWARE                
----------|--------|-----------------|-----------------------------------------------------------------|----------------------------------
  :8080   | ALL    | /api.json       | github.com/gogf/gf/v2/net/ghttp.(*Server).openapiSpec           |                                  
----------|--------|-----------------|-----------------------------------------------------------------|----------------------------------
  :8080   | GET    | /api/dynasty    | poetry/internal/controller.(*cDynasty).Index                    | ghttp.MiddlewareHandlerResponse  
----------|--------|-----------------|-----------------------------------------------------------------|----------------------------------
  :8080   | GET    | /api/poem/today | poetry/internal/controller.(*cPoem).Today                       | ghttp.MiddlewareHandlerResponse  
----------|--------|-----------------|-----------------------------------------------------------------|----------------------------------
  :8080   | ALL    | /swagger/*      | github.com/gogf/gf/v2/net/ghttp.(*Server).swaggerUI             | HOOK_BEFORE_SERVE                
----------|--------|-----------------|-----------------------------------------------------------------|----------------------------------
 
2022-08-21 22:01:38.092 [INFO] pid[31831]: all servers shutdown 
2022-08-21 22:01:57.938 [DEBU] SetServerRoot path: /Users/tea/program/go/poetry/resource/public 
2022-08-21 22:01:57.941 [INFO] swagger ui is serving at address: http://127.0.0.1:8080/swagger/ 
2022-08-21 22:01:57.941 [INFO] openapi specification is serving at address: http://127.0.0.1:8080/api.json 
2022-08-21 22:01:57.941 [INFO] pid[32028]: http server started listening on [:8080] 

  ADDRESS | METHOD |      ROUTE      |                             HANDLER                             |           MIDDLEWARE             
----------|--------|-----------------|-----------------------------------------------------------------|----------------------------------
  :8080   | ALL    | /*              | github.com/gogf/gf/v2/net/ghttp.internalMiddlewareServerTracing | GLOBAL MIDDLEWARE                
----------|--------|-----------------|-----------------------------------------------------------------|----------------------------------
  :8080   | ALL    | /api.json       | github.com/gogf/gf/v2/net/ghttp.(*Server).openapiSpec           |                                  
----------|--------|-----------------|-----------------------------------------------------------------|----------------------------------
  :8080   | GET    | /api/dynasty    | poetry/internal/controller.(*cDynasty).Index                    | ghttp.MiddlewareHandlerResponse  
----------|--------|-----------------|-----------------------------------------------------------------|----------------------------------
  :8080   | GET    | /api/poem/today | poetry/internal/controller.(*cPoem).Today                       | ghttp.MiddlewareHandlerResponse  
----------|--------|-----------------|-----------------------------------------------------------------|----------------------------------
  :8080   | ALL    | /swagger/*      | github.com/gogf/gf/v2/net/ghttp.(*Server).swaggerUI             | HOOK_BEFORE_SERVE                
----------|--------|-----------------|-----------------------------------------------------------------|----------------------------------
 
2022-08-21 22:02:34.232 [INFO] pid[32028]: all servers shutdown 
2022-08-21 22:02:38.865 [DEBU] SetServerRoot path: /Users/tea/program/go/poetry/resource/public 
2022-08-21 22:02:38.870 [INFO] swagger ui is serving at address: http://127.0.0.1:8080/swagger/ 
2022-08-21 22:02:38.870 [INFO] openapi specification is serving at address: http://127.0.0.1:8080/api.json 
2022-08-21 22:02:38.870 [INFO] pid[32154]: http server started listening on [:8080] 

  ADDRESS | METHOD |      ROUTE      |                             HANDLER                             |           MIDDLEWARE             
----------|--------|-----------------|-----------------------------------------------------------------|----------------------------------
  :8080   | ALL    | /*              | github.com/gogf/gf/v2/net/ghttp.internalMiddlewareServerTracing | GLOBAL MIDDLEWARE                
----------|--------|-----------------|-----------------------------------------------------------------|----------------------------------
  :8080   | ALL    | /api.json       | github.com/gogf/gf/v2/net/ghttp.(*Server).openapiSpec           |                                  
----------|--------|-----------------|-----------------------------------------------------------------|----------------------------------
  :8080   | GET    | /api/dynasty    | poetry/internal/controller.(*cDynasty).Index                    | ghttp.MiddlewareHandlerResponse  
----------|--------|-----------------|-----------------------------------------------------------------|----------------------------------
  :8080   | GET    | /api/poem/today | poetry/internal/controller.(*cPoem).Today                       | ghttp.MiddlewareHandlerResponse  
----------|--------|-----------------|-----------------------------------------------------------------|----------------------------------
  :8080   | ALL    | /swagger/*      | github.com/gogf/gf/v2/net/ghttp.(*Server).swaggerUI             | HOOK_BEFORE_SERVE                
----------|--------|-----------------|-----------------------------------------------------------------|----------------------------------
 
2022-08-21 22:07:00.582 [INFO] pid[32154]: all servers shutdown 
2022-08-21 22:07:03.094 [DEBU] SetServerRoot path: /Users/tea/program/go/poetry/resource/public 
2022-08-21 22:07:03.100 [INFO] swagger ui is serving at address: http://127.0.0.1:8080/swagger/ 
2022-08-21 22:07:03.101 [INFO] openapi specification is serving at address: http://127.0.0.1:8080/api.json 
2022-08-21 22:07:03.103 [INFO] pid[32452]: http server started listening on [:8080] 

  ADDRESS | METHOD |      ROUTE      |                             HANDLER                             |           MIDDLEWARE             
----------|--------|-----------------|-----------------------------------------------------------------|----------------------------------
  :8080   | ALL    | /*              | github.com/gogf/gf/v2/net/ghttp.internalMiddlewareServerTracing | GLOBAL MIDDLEWARE                
----------|--------|-----------------|-----------------------------------------------------------------|----------------------------------
  :8080   | ALL    | /*              | github.com/gogf/gf/v2/net/ghttp.MiddlewareCORS                  | GLOBAL MIDDLEWARE                
----------|--------|-----------------|-----------------------------------------------------------------|----------------------------------
  :8080   | ALL    | /api.json       | github.com/gogf/gf/v2/net/ghttp.(*Server).openapiSpec           |                                  
----------|--------|-----------------|-----------------------------------------------------------------|----------------------------------
  :8080   | GET    | /api/dynasty    | poetry/internal/controller.(*cDynasty).Index                    | ghttp.MiddlewareHandlerResponse  
----------|--------|-----------------|-----------------------------------------------------------------|----------------------------------
  :8080   | GET    | /api/poem/today | poetry/internal/controller.(*cPoem).Today                       | ghttp.MiddlewareHandlerResponse  
----------|--------|-----------------|-----------------------------------------------------------------|----------------------------------
  :8080   | ALL    | /swagger/*      | github.com/gogf/gf/v2/net/ghttp.(*Server).swaggerUI             | HOOK_BEFORE_SERVE                
----------|--------|-----------------|-----------------------------------------------------------------|----------------------------------
 
2022-08-21 22:10:22.792 [INFO] pid[32452]: all servers shutdown 
2022-08-21 22:10:25.890 [DEBU] SetServerRoot path: /Users/tea/program/go/poetry/resource/public 
2022-08-21 22:10:25.893 [INFO] swagger ui is serving at address: http://127.0.0.1:8080/swagger/ 
2022-08-21 22:10:25.893 [INFO] openapi specification is serving at address: http://127.0.0.1:8080/api.json 
2022-08-21 22:10:25.894 [INFO] pid[32683]: http server started listening on [:8080] 

  ADDRESS | METHOD |      ROUTE      |                             HANDLER                             |           MIDDLEWARE             
----------|--------|-----------------|-----------------------------------------------------------------|----------------------------------
  :8080   | ALL    | /*              | github.com/gogf/gf/v2/net/ghttp.internalMiddlewareServerTracing | GLOBAL MIDDLEWARE                
----------|--------|-----------------|-----------------------------------------------------------------|----------------------------------
  :8080   | ALL    | /*              | poetry/internal/cmd.glob..func1.1                               | GLOBAL MIDDLEWARE                
----------|--------|-----------------|-----------------------------------------------------------------|----------------------------------
  :8080   | ALL    | /api.json       | github.com/gogf/gf/v2/net/ghttp.(*Server).openapiSpec           |                                  
----------|--------|-----------------|-----------------------------------------------------------------|----------------------------------
  :8080   | GET    | /api/dynasty    | poetry/internal/controller.(*cDynasty).Index                    | ghttp.MiddlewareHandlerResponse  
----------|--------|-----------------|-----------------------------------------------------------------|----------------------------------
  :8080   | GET    | /api/poem/today | poetry/internal/controller.(*cPoem).Today                       | ghttp.MiddlewareHandlerResponse  
----------|--------|-----------------|-----------------------------------------------------------------|----------------------------------
  :8080   | ALL    | /swagger/*      | github.com/gogf/gf/v2/net/ghttp.(*Server).swaggerUI             | HOOK_BEFORE_SERVE                
----------|--------|-----------------|-----------------------------------------------------------------|----------------------------------
 
2022-08-21 22:11:05.542 [INFO] pid[32683]: all servers shutdown 
2022-08-21 22:11:08.379 [DEBU] SetServerRoot path: /Users/tea/program/go/poetry/resource/public 
2022-08-21 22:11:08.384 [INFO] swagger ui is serving at address: http://127.0.0.1:8080/swagger/ 
2022-08-21 22:11:08.384 [INFO] openapi specification is serving at address: http://127.0.0.1:8080/api.json 
2022-08-21 22:11:08.384 [INFO] pid[32760]: http server started listening on [:8080] 

  ADDRESS | METHOD |      ROUTE      |                             HANDLER                             |           MIDDLEWARE             
----------|--------|-----------------|-----------------------------------------------------------------|----------------------------------
  :8080   | ALL    | /*              | github.com/gogf/gf/v2/net/ghttp.internalMiddlewareServerTracing | GLOBAL MIDDLEWARE                
----------|--------|-----------------|-----------------------------------------------------------------|----------------------------------
  :8080   | ALL    | /*              | poetry/internal/cmd.glob..func1.1                               | GLOBAL MIDDLEWARE                
----------|--------|-----------------|-----------------------------------------------------------------|----------------------------------
  :8080   | ALL    | /api.json       | github.com/gogf/gf/v2/net/ghttp.(*Server).openapiSpec           |                                  
----------|--------|-----------------|-----------------------------------------------------------------|----------------------------------
  :8080   | GET    | /api/dynasty    | poetry/internal/controller.(*cDynasty).Index                    | ghttp.MiddlewareHandlerResponse  
----------|--------|-----------------|-----------------------------------------------------------------|----------------------------------
  :8080   | GET    | /api/poem/today | poetry/internal/controller.(*cPoem).Today                       | ghttp.MiddlewareHandlerResponse  
----------|--------|-----------------|-----------------------------------------------------------------|----------------------------------
  :8080   | ALL    | /swagger/*      | github.com/gogf/gf/v2/net/ghttp.(*Server).swaggerUI             | HOOK_BEFORE_SERVE                
----------|--------|-----------------|-----------------------------------------------------------------|----------------------------------
 
2022-08-21 22:11:28.456 [INFO] pid[32760]: all servers shutdown 
2022-08-21 22:11:30.585 [DEBU] SetServerRoot path: /Users/tea/program/go/poetry/resource/public 
2022-08-21 22:11:30.589 [INFO] swagger ui is serving at address: http://127.0.0.1:8080/swagger/ 
2022-08-21 22:11:30.589 [INFO] openapi specification is serving at address: http://127.0.0.1:8080/api.json 
2022-08-21 22:11:30.590 [INFO] pid[32829]: http server started listening on [:8080] 

  ADDRESS | METHOD |      ROUTE      |                             HANDLER                             |           MIDDLEWARE             
----------|--------|-----------------|-----------------------------------------------------------------|----------------------------------
  :8080   | ALL    | /*              | github.com/gogf/gf/v2/net/ghttp.internalMiddlewareServerTracing | GLOBAL MIDDLEWARE                
----------|--------|-----------------|-----------------------------------------------------------------|----------------------------------
  :8080   | ALL    | /*              | poetry/internal/cmd.glob..func1.1                               | GLOBAL MIDDLEWARE                
----------|--------|-----------------|-----------------------------------------------------------------|----------------------------------
  :8080   | ALL    | /api.json       | github.com/gogf/gf/v2/net/ghttp.(*Server).openapiSpec           |                                  
----------|--------|-----------------|-----------------------------------------------------------------|----------------------------------
  :8080   | GET    | /api/dynasty    | poetry/internal/controller.(*cDynasty).Index                    | ghttp.MiddlewareHandlerResponse  
----------|--------|-----------------|-----------------------------------------------------------------|----------------------------------
  :8080   | GET    | /api/poem/today | poetry/internal/controller.(*cPoem).Today                       | ghttp.MiddlewareHandlerResponse  
----------|--------|-----------------|-----------------------------------------------------------------|----------------------------------
  :8080   | ALL    | /swagger/*      | github.com/gogf/gf/v2/net/ghttp.(*Server).swaggerUI             | HOOK_BEFORE_SERVE                
----------|--------|-----------------|-----------------------------------------------------------------|----------------------------------
 
2022-08-21 22:13:33.625 [INFO] pid[32829]: all servers shutdown 
2022-08-21 22:13:35.710 [DEBU] SetServerRoot path: /Users/tea/program/go/poetry/resource/public 
2022-08-21 22:13:35.714 [INFO] swagger ui is serving at address: http://127.0.0.1:8080/swagger/ 
2022-08-21 22:13:35.714 [INFO] openapi specification is serving at address: http://127.0.0.1:8080/api.json 
2022-08-21 22:13:35.714 [INFO] pid[32963]: http server started listening on [:8080] 

  ADDRESS | METHOD |      ROUTE      |                             HANDLER                             |           MIDDLEWARE             
----------|--------|-----------------|-----------------------------------------------------------------|----------------------------------
  :8080   | ALL    | /*              | github.com/gogf/gf/v2/net/ghttp.internalMiddlewareServerTracing | GLOBAL MIDDLEWARE                
----------|--------|-----------------|-----------------------------------------------------------------|----------------------------------
  :8080   | ALL    | /*              | poetry/internal/cmd.glob..func1.1                               | GLOBAL MIDDLEWARE                
----------|--------|-----------------|-----------------------------------------------------------------|----------------------------------
  :8080   | ALL    | /api.json       | github.com/gogf/gf/v2/net/ghttp.(*Server).openapiSpec           |                                  
----------|--------|-----------------|-----------------------------------------------------------------|----------------------------------
  :8080   | GET    | /api/dynasty    | poetry/internal/controller.(*cDynasty).Index                    | ghttp.MiddlewareHandlerResponse  
----------|--------|-----------------|-----------------------------------------------------------------|----------------------------------
  :8080   | GET    | /api/poem/today | poetry/internal/controller.(*cPoem).Today                       | ghttp.MiddlewareHandlerResponse  
----------|--------|-----------------|-----------------------------------------------------------------|----------------------------------
  :8080   | ALL    | /swagger/*      | github.com/gogf/gf/v2/net/ghttp.(*Server).swaggerUI             | HOOK_BEFORE_SERVE                
----------|--------|-----------------|-----------------------------------------------------------------|----------------------------------
 
2022-08-21 22:13:54.518 [INFO] pid[32963]: all servers shutdown 
2022-08-21 22:13:56.723 [DEBU] SetServerRoot path: /Users/tea/program/go/poetry/resource/public 
2022-08-21 22:13:56.727 [INFO] swagger ui is serving at address: http://127.0.0.1:8080/swagger/ 
2022-08-21 22:13:56.727 [INFO] openapi specification is serving at address: http://127.0.0.1:8080/api.json 
2022-08-21 22:13:56.728 [INFO] pid[33044]: http server started listening on [:8080] 

  ADDRESS | METHOD |      ROUTE      |                             HANDLER                             |           MIDDLEWARE             
----------|--------|-----------------|-----------------------------------------------------------------|----------------------------------
  :8080   | ALL    | /*              | github.com/gogf/gf/v2/net/ghttp.internalMiddlewareServerTracing | GLOBAL MIDDLEWARE                
----------|--------|-----------------|-----------------------------------------------------------------|----------------------------------
  :8080   | ALL    | /*              | poetry/internal/cmd.glob..func1.1                               | GLOBAL MIDDLEWARE                
----------|--------|-----------------|-----------------------------------------------------------------|----------------------------------
  :8080   | ALL    | /api.json       | github.com/gogf/gf/v2/net/ghttp.(*Server).openapiSpec           |                                  
----------|--------|-----------------|-----------------------------------------------------------------|----------------------------------
  :8080   | GET    | /api/dynasty    | poetry/internal/controller.(*cDynasty).Index                    | ghttp.MiddlewareHandlerResponse  
----------|--------|-----------------|-----------------------------------------------------------------|----------------------------------
  :8080   | GET    | /api/poem/today | poetry/internal/controller.(*cPoem).Today                       | ghttp.MiddlewareHandlerResponse  
----------|--------|-----------------|-----------------------------------------------------------------|----------------------------------
  :8080   | ALL    | /swagger/*      | github.com/gogf/gf/v2/net/ghttp.(*Server).swaggerUI             | HOOK_BEFORE_SERVE                
----------|--------|-----------------|-----------------------------------------------------------------|----------------------------------
 
2022-08-21 22:22:44.860 [INFO] pid[33044]: all servers shutdown 
2022-08-21 22:22:51.757 [DEBU] SetServerRoot path: /Users/tea/program/go/poetry/resource/public 
2022-08-21 22:22:51.762 [INFO] swagger ui is serving at address: http://127.0.0.1:8080/swagger/ 
2022-08-21 22:22:51.762 [INFO] openapi specification is serving at address: http://127.0.0.1:8080/api.json 
2022-08-21 22:22:51.763 [INFO] pid[33286]: http server started listening on [:8080] 

  ADDRESS | METHOD |      ROUTE      |                             HANDLER                             |           MIDDLEWARE             
----------|--------|-----------------|-----------------------------------------------------------------|----------------------------------
  :8080   | ALL    | /*              | github.com/gogf/gf/v2/net/ghttp.internalMiddlewareServerTracing | GLOBAL MIDDLEWARE                
----------|--------|-----------------|-----------------------------------------------------------------|----------------------------------
  :8080   | ALL    | /api.json       | github.com/gogf/gf/v2/net/ghttp.(*Server).openapiSpec           |                                  
----------|--------|-----------------|-----------------------------------------------------------------|----------------------------------
  :8080   | GET    | /api/dynasty    | poetry/internal/controller.(*cDynasty).Index                    | cmd.glob..func1.1.1              
          |        |                 |                                                                 | ghttp.MiddlewareHandlerResponse  
----------|--------|-----------------|-----------------------------------------------------------------|----------------------------------
  :8080   | GET    | /api/poem/today | poetry/internal/controller.(*cPoem).Today                       | cmd.glob..func1.1.1              
          |        |                 |                                                                 | ghttp.MiddlewareHandlerResponse  
----------|--------|-----------------|-----------------------------------------------------------------|----------------------------------
  :8080   | ALL    | /swagger/*      | github.com/gogf/gf/v2/net/ghttp.(*Server).swaggerUI             | HOOK_BEFORE_SERVE                
----------|--------|-----------------|-----------------------------------------------------------------|----------------------------------
 
2022-08-21 22:23:28.470 [INFO] pid[33286]: all servers shutdown 
2022-08-21 22:23:31.594 [DEBU] SetServerRoot path: /Users/tea/program/go/poetry/resource/public 
2022-08-21 22:23:31.599 [INFO] swagger ui is serving at address: http://127.0.0.1:8080/swagger/ 
2022-08-21 22:23:31.599 [INFO] openapi specification is serving at address: http://127.0.0.1:8080/api.json 
2022-08-21 22:23:31.600 [INFO] pid[33380]: http server started listening on [:8080] 

  ADDRESS | METHOD |      ROUTE      |                             HANDLER                             |           MIDDLEWARE             
----------|--------|-----------------|-----------------------------------------------------------------|----------------------------------
  :8080   | ALL    | /*              | github.com/gogf/gf/v2/net/ghttp.internalMiddlewareServerTracing | GLOBAL MIDDLEWARE                
----------|--------|-----------------|-----------------------------------------------------------------|----------------------------------
  :8080   | ALL    | /api.json       | github.com/gogf/gf/v2/net/ghttp.(*Server).openapiSpec           |                                  
----------|--------|-----------------|-----------------------------------------------------------------|----------------------------------
  :8080   | GET    | /api/dynasty    | poetry/internal/controller.(*cDynasty).Index                    | cmd.glob..func1.1.1              
          |        |                 |                                                                 | ghttp.MiddlewareHandlerResponse  
----------|--------|-----------------|-----------------------------------------------------------------|----------------------------------
  :8080   | GET    | /api/poem/today | poetry/internal/controller.(*cPoem).Today                       | cmd.glob..func1.1.1              
          |        |                 |                                                                 | ghttp.MiddlewareHandlerResponse  
----------|--------|-----------------|-----------------------------------------------------------------|----------------------------------
  :8080   | ALL    | /swagger/*      | github.com/gogf/gf/v2/net/ghttp.(*Server).swaggerUI             | HOOK_BEFORE_SERVE                
----------|--------|-----------------|-----------------------------------------------------------------|----------------------------------
 
2022-08-21 22:36:35.591 [INFO] pid[33380]: all servers shutdown 
