2022-08-22 12:54:40.170 {a0164063bd910d17a970351465eef6a7} 500 "POST http localhost:8080 /api/poem/detail HTTP/1.1" 0.001, ::1, "http://localhost:8081/", "Mozilla/5.0 (Macintosh; Intel Mac OS X 10_15_7) AppleWebKit/537.36 (KHTML, like Gecko) Chrome/98.0.4758.80 Safari/537.36 Edg/98.0.1108.43", 50, "Internal Error", ""
Stack:
1. exception recovered
   1).  poetry/internal/logic/poem.(*sPoem).GetDetail
    	/Users/tea/program/go/poetry/internal/logic/poem/poem.go:55
   2).  poetry/internal/controller.(*cPoem).GetDetail
    	/Users/tea/program/go/poetry/internal/controller/poem.go:36
   3).  github.com/gogf/gf/v2/net/ghttp.(*middleware).callHandlerFunc.func1
    	/Users/tea/go/pkg/mod/github.com/gogf/gf/v2@v2.0.6/net/ghttp/ghttp_request_middleware.go:151
   4).  github.com/gogf/gf/v2/net/ghttp.niceCallFunc
    	/Users/tea/go/pkg/mod/github.com/gogf/gf/v2@v2.0.6/net/ghttp/ghttp_func.go:56
   5).  github.com/gogf/gf/v2/net/ghttp.(*middleware).callHandlerFunc
    	/Users/tea/go/pkg/mod/github.com/gogf/gf/v2@v2.0.6/net/ghttp/ghttp_request_middleware.go:128
   6).  github.com/gogf/gf/v2/net/ghttp.(*middleware).Next.func1
    	/Users/tea/go/pkg/mod/github.com/gogf/gf/v2@v2.0.6/net/ghttp/ghttp_request_middleware.go:74
   7).  github.com/gogf/gf/v2/util/gutil.TryCatch
    	/Users/tea/go/pkg/mod/github.com/gogf/gf/v2@v2.0.6/util/gutil/gutil.go:55
   8).  github.com/gogf/gf/v2/net/ghttp.(*middleware).Next
    	/Users/tea/go/pkg/mod/github.com/gogf/gf/v2@v2.0.6/net/ghttp/ghttp_request_middleware.go:48
   9).  github.com/gogf/gf/v2/net/ghttp.MiddlewareHandlerResponse
    	/Users/tea/go/pkg/mod/github.com/gogf/gf/v2@v2.0.6/net/ghttp/ghttp_middleware_handler_response.go:26
   10). github.com/gogf/gf/v2/net/ghttp.(*middleware).Next.func1.1
    	/Users/tea/go/pkg/mod/github.com/gogf/gf/v2@v2.0.6/net/ghttp/ghttp_request_middleware.go:54
   11). github.com/gogf/gf/v2/net/ghttp.niceCallFunc
    	/Users/tea/go/pkg/mod/github.com/gogf/gf/v2@v2.0.6/net/ghttp/ghttp_func.go:56
   12). github.com/gogf/gf/v2/net/ghttp.(*middleware).Next.func1
    	/Users/tea/go/pkg/mod/github.com/gogf/gf/v2@v2.0.6/net/ghttp/ghttp_request_middleware.go:53
   13). github.com/gogf/gf/v2/util/gutil.TryCatch
    	/Users/tea/go/pkg/mod/github.com/gogf/gf/v2@v2.0.6/util/gutil/gutil.go:55
   14). github.com/gogf/gf/v2/net/ghttp.(*middleware).Next
    	/Users/tea/go/pkg/mod/github.com/gogf/gf/v2@v2.0.6/net/ghttp/ghttp_request_middleware.go:48
   15). poetry/internal/cmd.glob..func1.1.1
    	/Users/tea/program/go/poetry/internal/cmd/cmd.go:33
   16). github.com/gogf/gf/v2/net/ghttp.(*middleware).Next.func1.1
    	/Users/tea/go/pkg/mod/github.com/gogf/gf/v2@v2.0.6/net/ghttp/ghttp_request_middleware.go:54
   17). github.com/gogf/gf/v2/net/ghttp.niceCallFunc
    	/Users/tea/go/pkg/mod/github.com/gogf/gf/v2@v2.0.6/net/ghttp/ghttp_func.go:56
   18). github.com/gogf/gf/v2/net/ghttp.(*middleware).Next.func1
    	/Users/tea/go/pkg/mod/github.com/gogf/gf/v2@v2.0.6/net/ghttp/ghttp_request_middleware.go:53
   19). github.com/gogf/gf/v2/util/gutil.TryCatch
    	/Users/tea/go/pkg/mod/github.com/gogf/gf/v2@v2.0.6/util/gutil/gutil.go:55
   20). github.com/gogf/gf/v2/net/ghttp.(*middleware).Next
    	/Users/tea/go/pkg/mod/github.com/gogf/gf/v2@v2.0.6/net/ghttp/ghttp_request_middleware.go:48
   21). github.com/gogf/gf/v2/net/ghttp.internalMiddlewareServerTracing
    	/Users/tea/go/pkg/mod/github.com/gogf/gf/v2@v2.0.6/net/ghttp/ghttp_middleware_tracing.go:78
   22). github.com/gogf/gf/v2/net/ghttp.(*middleware).Next.func1.5
    	/Users/tea/go/pkg/mod/github.com/gogf/gf/v2@v2.0.6/net/ghttp/ghttp_request_middleware.go:95
   23). github.com/gogf/gf/v2/net/ghttp.niceCallFunc
    	/Users/tea/go/pkg/mod/github.com/gogf/gf/v2@v2.0.6/net/ghttp/ghttp_func.go:56
   24). github.com/gogf/gf/v2/net/ghttp.(*middleware).Next.func1
    	/Users/tea/go/pkg/mod/github.com/gogf/gf/v2@v2.0.6/net/ghttp/ghttp_request_middleware.go:94
   25). github.com/gogf/gf/v2/util/gutil.TryCatch
    	/Users/tea/go/pkg/mod/github.com/gogf/gf/v2@v2.0.6/util/gutil/gutil.go:55
   26). github.com/gogf/gf/v2/net/ghttp.(*middleware).Next
    	/Users/tea/go/pkg/mod/github.com/gogf/gf/v2@v2.0.6/net/ghttp/ghttp_request_middleware.go:48
   27). github.com/gogf/gf/v2/net/ghttp.(*Server).ServeHTTP
    	/Users/tea/go/pkg/mod/github.com/gogf/gf/v2@v2.0.6/net/ghttp/ghttp_server_handler.go:121
2. runtime error: invalid memory address or nil pointer dereference
 
2022-08-22 12:54:40.170 {70184163bd910d17aa70351494c89209} 500 "POST http localhost:8080 /api/poem/detail HTTP/1.1" 0.001, ::1, "http://localhost:8081/", "Mozilla/5.0 (Macintosh; Intel Mac OS X 10_15_7) AppleWebKit/537.36 (KHTML, like Gecko) Chrome/98.0.4758.80 Safari/537.36 Edg/98.0.1108.43", 50, "Internal Error", ""
Stack:
1. exception recovered
   1).  poetry/internal/logic/poem.(*sPoem).GetDetail
    	/Users/tea/program/go/poetry/internal/logic/poem/poem.go:55
   2).  poetry/internal/controller.(*cPoem).GetDetail
    	/Users/tea/program/go/poetry/internal/controller/poem.go:36
   3).  github.com/gogf/gf/v2/net/ghttp.(*middleware).callHandlerFunc.func1
    	/Users/tea/go/pkg/mod/github.com/gogf/gf/v2@v2.0.6/net/ghttp/ghttp_request_middleware.go:151
   4).  github.com/gogf/gf/v2/net/ghttp.niceCallFunc
    	/Users/tea/go/pkg/mod/github.com/gogf/gf/v2@v2.0.6/net/ghttp/ghttp_func.go:56
   5).  github.com/gogf/gf/v2/net/ghttp.(*middleware).callHandlerFunc
    	/Users/tea/go/pkg/mod/github.com/gogf/gf/v2@v2.0.6/net/ghttp/ghttp_request_middleware.go:128
   6).  github.com/gogf/gf/v2/net/ghttp.(*middleware).Next.func1
    	/Users/tea/go/pkg/mod/github.com/gogf/gf/v2@v2.0.6/net/ghttp/ghttp_request_middleware.go:74
   7).  github.com/gogf/gf/v2/util/gutil.TryCatch
    	/Users/tea/go/pkg/mod/github.com/gogf/gf/v2@v2.0.6/util/gutil/gutil.go:55
   8).  github.com/gogf/gf/v2/net/ghttp.(*middleware).Next
    	/Users/tea/go/pkg/mod/github.com/gogf/gf/v2@v2.0.6/net/ghttp/ghttp_request_middleware.go:48
   9).  github.com/gogf/gf/v2/net/ghttp.MiddlewareHandlerResponse
    	/Users/tea/go/pkg/mod/github.com/gogf/gf/v2@v2.0.6/net/ghttp/ghttp_middleware_handler_response.go:26
   10). github.com/gogf/gf/v2/net/ghttp.(*middleware).Next.func1.1
    	/Users/tea/go/pkg/mod/github.com/gogf/gf/v2@v2.0.6/net/ghttp/ghttp_request_middleware.go:54
   11). github.com/gogf/gf/v2/net/ghttp.niceCallFunc
    	/Users/tea/go/pkg/mod/github.com/gogf/gf/v2@v2.0.6/net/ghttp/ghttp_func.go:56
   12). github.com/gogf/gf/v2/net/ghttp.(*middleware).Next.func1
    	/Users/tea/go/pkg/mod/github.com/gogf/gf/v2@v2.0.6/net/ghttp/ghttp_request_middleware.go:53
   13). github.com/gogf/gf/v2/util/gutil.TryCatch
    	/Users/tea/go/pkg/mod/github.com/gogf/gf/v2@v2.0.6/util/gutil/gutil.go:55
   14). github.com/gogf/gf/v2/net/ghttp.(*middleware).Next
    	/Users/tea/go/pkg/mod/github.com/gogf/gf/v2@v2.0.6/net/ghttp/ghttp_request_middleware.go:48
   15). poetry/internal/cmd.glob..func1.1.1
    	/Users/tea/program/go/poetry/internal/cmd/cmd.go:33
   16). github.com/gogf/gf/v2/net/ghttp.(*middleware).Next.func1.1
    	/Users/tea/go/pkg/mod/github.com/gogf/gf/v2@v2.0.6/net/ghttp/ghttp_request_middleware.go:54
   17). github.com/gogf/gf/v2/net/ghttp.niceCallFunc
    	/Users/tea/go/pkg/mod/github.com/gogf/gf/v2@v2.0.6/net/ghttp/ghttp_func.go:56
   18). github.com/gogf/gf/v2/net/ghttp.(*middleware).Next.func1
    	/Users/tea/go/pkg/mod/github.com/gogf/gf/v2@v2.0.6/net/ghttp/ghttp_request_middleware.go:53
   19). github.com/gogf/gf/v2/util/gutil.TryCatch
    	/Users/tea/go/pkg/mod/github.com/gogf/gf/v2@v2.0.6/util/gutil/gutil.go:55
   20). github.com/gogf/gf/v2/net/ghttp.(*middleware).Next
    	/Users/tea/go/pkg/mod/github.com/gogf/gf/v2@v2.0.6/net/ghttp/ghttp_request_middleware.go:48
   21). github.com/gogf/gf/v2/net/ghttp.internalMiddlewareServerTracing
    	/Users/tea/go/pkg/mod/github.com/gogf/gf/v2@v2.0.6/net/ghttp/ghttp_middleware_tracing.go:78
   22). github.com/gogf/gf/v2/net/ghttp.(*middleware).Next.func1.5
    	/Users/tea/go/pkg/mod/github.com/gogf/gf/v2@v2.0.6/net/ghttp/ghttp_request_middleware.go:95
   23). github.com/gogf/gf/v2/net/ghttp.niceCallFunc
    	/Users/tea/go/pkg/mod/github.com/gogf/gf/v2@v2.0.6/net/ghttp/ghttp_func.go:56
   24). github.com/gogf/gf/v2/net/ghttp.(*middleware).Next.func1
    	/Users/tea/go/pkg/mod/github.com/gogf/gf/v2@v2.0.6/net/ghttp/ghttp_request_middleware.go:94
   25). github.com/gogf/gf/v2/util/gutil.TryCatch
    	/Users/tea/go/pkg/mod/github.com/gogf/gf/v2@v2.0.6/util/gutil/gutil.go:55
   26). github.com/gogf/gf/v2/net/ghttp.(*middleware).Next
    	/Users/tea/go/pkg/mod/github.com/gogf/gf/v2@v2.0.6/net/ghttp/ghttp_request_middleware.go:48
   27). github.com/gogf/gf/v2/net/ghttp.(*Server).ServeHTTP
    	/Users/tea/go/pkg/mod/github.com/gogf/gf/v2@v2.0.6/net/ghttp/ghttp_server_handler.go:121
2. runtime error: invalid memory address or nil pointer dereference
 
2022-08-22 12:54:47.845 {58ffb52cbf910d17ab703514ce65f0a7} 500 "POST http localhost:8080 /api/poem/detail HTTP/1.1" 0.001, ::1, "http://localhost:8081/", "Mozilla/5.0 (Macintosh; Intel Mac OS X 10_15_7) AppleWebKit/537.36 (KHTML, like Gecko) Chrome/98.0.4758.80 Safari/537.36 Edg/98.0.1108.43", 50, "Internal Error", ""
Stack:
1. exception recovered
   1).  poetry/internal/logic/poem.(*sPoem).GetDetail
    	/Users/tea/program/go/poetry/internal/logic/poem/poem.go:55
   2).  poetry/internal/controller.(*cPoem).GetDetail
    	/Users/tea/program/go/poetry/internal/controller/poem.go:36
   3).  github.com/gogf/gf/v2/net/ghttp.(*middleware).callHandlerFunc.func1
    	/Users/tea/go/pkg/mod/github.com/gogf/gf/v2@v2.0.6/net/ghttp/ghttp_request_middleware.go:151
   4).  github.com/gogf/gf/v2/net/ghttp.niceCallFunc
    	/Users/tea/go/pkg/mod/github.com/gogf/gf/v2@v2.0.6/net/ghttp/ghttp_func.go:56
   5).  github.com/gogf/gf/v2/net/ghttp.(*middleware).callHandlerFunc
    	/Users/tea/go/pkg/mod/github.com/gogf/gf/v2@v2.0.6/net/ghttp/ghttp_request_middleware.go:128
   6).  github.com/gogf/gf/v2/net/ghttp.(*middleware).Next.func1
    	/Users/tea/go/pkg/mod/github.com/gogf/gf/v2@v2.0.6/net/ghttp/ghttp_request_middleware.go:74
   7).  github.com/gogf/gf/v2/util/gutil.TryCatch
    	/Users/tea/go/pkg/mod/github.com/gogf/gf/v2@v2.0.6/util/gutil/gutil.go:55
   8).  github.com/gogf/gf/v2/net/ghttp.(*middleware).Next
    	/Users/tea/go/pkg/mod/github.com/gogf/gf/v2@v2.0.6/net/ghttp/ghttp_request_middleware.go:48
   9).  github.com/gogf/gf/v2/net/ghttp.MiddlewareHandlerResponse
    	/Users/tea/go/pkg/mod/github.com/gogf/gf/v2@v2.0.6/net/ghttp/ghttp_middleware_handler_response.go:26
   10). github.com/gogf/gf/v2/net/ghttp.(*middleware).Next.func1.1
    	/Users/tea/go/pkg/mod/github.com/gogf/gf/v2@v2.0.6/net/ghttp/ghttp_request_middleware.go:54
   11). github.com/gogf/gf/v2/net/ghttp.niceCallFunc
    	/Users/tea/go/pkg/mod/github.com/gogf/gf/v2@v2.0.6/net/ghttp/ghttp_func.go:56
   12). github.com/gogf/gf/v2/net/ghttp.(*middleware).Next.func1
    	/Users/tea/go/pkg/mod/github.com/gogf/gf/v2@v2.0.6/net/ghttp/ghttp_request_middleware.go:53
   13). github.com/gogf/gf/v2/util/gutil.TryCatch
    	/Users/tea/go/pkg/mod/github.com/gogf/gf/v2@v2.0.6/util/gutil/gutil.go:55
   14). github.com/gogf/gf/v2/net/ghttp.(*middleware).Next
    	/Users/tea/go/pkg/mod/github.com/gogf/gf/v2@v2.0.6/net/ghttp/ghttp_request_middleware.go:48
   15). poetry/internal/cmd.glob..func1.1.1
    	/Users/tea/program/go/poetry/internal/cmd/cmd.go:33
   16). github.com/gogf/gf/v2/net/ghttp.(*middleware).Next.func1.1
    	/Users/tea/go/pkg/mod/github.com/gogf/gf/v2@v2.0.6/net/ghttp/ghttp_request_middleware.go:54
   17). github.com/gogf/gf/v2/net/ghttp.niceCallFunc
    	/Users/tea/go/pkg/mod/github.com/gogf/gf/v2@v2.0.6/net/ghttp/ghttp_func.go:56
   18). github.com/gogf/gf/v2/net/ghttp.(*middleware).Next.func1
    	/Users/tea/go/pkg/mod/github.com/gogf/gf/v2@v2.0.6/net/ghttp/ghttp_request_middleware.go:53
   19). github.com/gogf/gf/v2/util/gutil.TryCatch
    	/Users/tea/go/pkg/mod/github.com/gogf/gf/v2@v2.0.6/util/gutil/gutil.go:55
   20). github.com/gogf/gf/v2/net/ghttp.(*middleware).Next
    	/Users/tea/go/pkg/mod/github.com/gogf/gf/v2@v2.0.6/net/ghttp/ghttp_request_middleware.go:48
   21). github.com/gogf/gf/v2/net/ghttp.internalMiddlewareServerTracing
    	/Users/tea/go/pkg/mod/github.com/gogf/gf/v2@v2.0.6/net/ghttp/ghttp_middleware_tracing.go:78
   22). github.com/gogf/gf/v2/net/ghttp.(*middleware).Next.func1.5
    	/Users/tea/go/pkg/mod/github.com/gogf/gf/v2@v2.0.6/net/ghttp/ghttp_request_middleware.go:95
   23). github.com/gogf/gf/v2/net/ghttp.niceCallFunc
    	/Users/tea/go/pkg/mod/github.com/gogf/gf/v2@v2.0.6/net/ghttp/ghttp_func.go:56
   24). github.com/gogf/gf/v2/net/ghttp.(*middleware).Next.func1
    	/Users/tea/go/pkg/mod/github.com/gogf/gf/v2@v2.0.6/net/ghttp/ghttp_request_middleware.go:94
   25). github.com/gogf/gf/v2/util/gutil.TryCatch
    	/Users/tea/go/pkg/mod/github.com/gogf/gf/v2@v2.0.6/util/gutil/gutil.go:55
   26). github.com/gogf/gf/v2/net/ghttp.(*middleware).Next
    	/Users/tea/go/pkg/mod/github.com/gogf/gf/v2@v2.0.6/net/ghttp/ghttp_request_middleware.go:48
   27). github.com/gogf/gf/v2/net/ghttp.(*Server).ServeHTTP
    	/Users/tea/go/pkg/mod/github.com/gogf/gf/v2@v2.0.6/net/ghttp/ghttp_server_handler.go:121
2. runtime error: invalid memory address or nil pointer dereference
 
2022-08-22 12:54:47.846 {108dca2cbf910d17ac70351428704890} 500 "POST http localhost:8080 /api/poem/detail HTTP/1.1" 0.001, ::1, "http://localhost:8081/", "Mozilla/5.0 (Macintosh; Intel Mac OS X 10_15_7) AppleWebKit/537.36 (KHTML, like Gecko) Chrome/98.0.4758.80 Safari/537.36 Edg/98.0.1108.43", 50, "Internal Error", ""
Stack:
1. exception recovered
   1).  poetry/internal/logic/poem.(*sPoem).GetDetail
    	/Users/tea/program/go/poetry/internal/logic/poem/poem.go:55
   2).  poetry/internal/controller.(*cPoem).GetDetail
    	/Users/tea/program/go/poetry/internal/controller/poem.go:36
   3).  github.com/gogf/gf/v2/net/ghttp.(*middleware).callHandlerFunc.func1
    	/Users/tea/go/pkg/mod/github.com/gogf/gf/v2@v2.0.6/net/ghttp/ghttp_request_middleware.go:151
   4).  github.com/gogf/gf/v2/net/ghttp.niceCallFunc
    	/Users/tea/go/pkg/mod/github.com/gogf/gf/v2@v2.0.6/net/ghttp/ghttp_func.go:56
   5).  github.com/gogf/gf/v2/net/ghttp.(*middleware).callHandlerFunc
    	/Users/tea/go/pkg/mod/github.com/gogf/gf/v2@v2.0.6/net/ghttp/ghttp_request_middleware.go:128
   6).  github.com/gogf/gf/v2/net/ghttp.(*middleware).Next.func1
    	/Users/tea/go/pkg/mod/github.com/gogf/gf/v2@v2.0.6/net/ghttp/ghttp_request_middleware.go:74
   7).  github.com/gogf/gf/v2/util/gutil.TryCatch
    	/Users/tea/go/pkg/mod/github.com/gogf/gf/v2@v2.0.6/util/gutil/gutil.go:55
   8).  github.com/gogf/gf/v2/net/ghttp.(*middleware).Next
    	/Users/tea/go/pkg/mod/github.com/gogf/gf/v2@v2.0.6/net/ghttp/ghttp_request_middleware.go:48
   9).  github.com/gogf/gf/v2/net/ghttp.MiddlewareHandlerResponse
    	/Users/tea/go/pkg/mod/github.com/gogf/gf/v2@v2.0.6/net/ghttp/ghttp_middleware_handler_response.go:26
   10). github.com/gogf/gf/v2/net/ghttp.(*middleware).Next.func1.1
    	/Users/tea/go/pkg/mod/github.com/gogf/gf/v2@v2.0.6/net/ghttp/ghttp_request_middleware.go:54
   11). github.com/gogf/gf/v2/net/ghttp.niceCallFunc
    	/Users/tea/go/pkg/mod/github.com/gogf/gf/v2@v2.0.6/net/ghttp/ghttp_func.go:56
   12). github.com/gogf/gf/v2/net/ghttp.(*middleware).Next.func1
    	/Users/tea/go/pkg/mod/github.com/gogf/gf/v2@v2.0.6/net/ghttp/ghttp_request_middleware.go:53
   13). github.com/gogf/gf/v2/util/gutil.TryCatch
    	/Users/tea/go/pkg/mod/github.com/gogf/gf/v2@v2.0.6/util/gutil/gutil.go:55
   14). github.com/gogf/gf/v2/net/ghttp.(*middleware).Next
    	/Users/tea/go/pkg/mod/github.com/gogf/gf/v2@v2.0.6/net/ghttp/ghttp_request_middleware.go:48
   15). poetry/internal/cmd.glob..func1.1.1
    	/Users/tea/program/go/poetry/internal/cmd/cmd.go:33
   16). github.com/gogf/gf/v2/net/ghttp.(*middleware).Next.func1.1
    	/Users/tea/go/pkg/mod/github.com/gogf/gf/v2@v2.0.6/net/ghttp/ghttp_request_middleware.go:54
   17). github.com/gogf/gf/v2/net/ghttp.niceCallFunc
    	/Users/tea/go/pkg/mod/github.com/gogf/gf/v2@v2.0.6/net/ghttp/ghttp_func.go:56
   18). github.com/gogf/gf/v2/net/ghttp.(*middleware).Next.func1
    	/Users/tea/go/pkg/mod/github.com/gogf/gf/v2@v2.0.6/net/ghttp/ghttp_request_middleware.go:53
   19). github.com/gogf/gf/v2/util/gutil.TryCatch
    	/Users/tea/go/pkg/mod/github.com/gogf/gf/v2@v2.0.6/util/gutil/gutil.go:55
   20). github.com/gogf/gf/v2/net/ghttp.(*middleware).Next
    	/Users/tea/go/pkg/mod/github.com/gogf/gf/v2@v2.0.6/net/ghttp/ghttp_request_middleware.go:48
   21). github.com/gogf/gf/v2/net/ghttp.internalMiddlewareServerTracing
    	/Users/tea/go/pkg/mod/github.com/gogf/gf/v2@v2.0.6/net/ghttp/ghttp_middleware_tracing.go:78
   22). github.com/gogf/gf/v2/net/ghttp.(*middleware).Next.func1.5
    	/Users/tea/go/pkg/mod/github.com/gogf/gf/v2@v2.0.6/net/ghttp/ghttp_request_middleware.go:95
   23). github.com/gogf/gf/v2/net/ghttp.niceCallFunc
    	/Users/tea/go/pkg/mod/github.com/gogf/gf/v2@v2.0.6/net/ghttp/ghttp_func.go:56
   24). github.com/gogf/gf/v2/net/ghttp.(*middleware).Next.func1
    	/Users/tea/go/pkg/mod/github.com/gogf/gf/v2@v2.0.6/net/ghttp/ghttp_request_middleware.go:94
   25). github.com/gogf/gf/v2/util/gutil.TryCatch
    	/Users/tea/go/pkg/mod/github.com/gogf/gf/v2@v2.0.6/util/gutil/gutil.go:55
   26). github.com/gogf/gf/v2/net/ghttp.(*middleware).Next
    	/Users/tea/go/pkg/mod/github.com/gogf/gf/v2@v2.0.6/net/ghttp/ghttp_request_middleware.go:48
   27). github.com/gogf/gf/v2/net/ghttp.(*Server).ServeHTTP
    	/Users/tea/go/pkg/mod/github.com/gogf/gf/v2@v2.0.6/net/ghttp/ghttp_server_handler.go:121
2. runtime error: invalid memory address or nil pointer dereference
 
2022-08-22 12:54:59.991 {909f9d00c2910d17de5ad23d8381f0e2} 500 "POST http localhost:8080 /api/poem/detail HTTP/1.1" 0.002, ::1, "http://localhost:8081/", "Mozilla/5.0 (Macintosh; Intel Mac OS X 10_15_7) AppleWebKit/537.36 (KHTML, like Gecko) Chrome/98.0.4758.80 Safari/537.36 Edg/98.0.1108.43", 50, "Internal Error", ""
Stack:
1. exception recovered
   1).  poetry/internal/logic/poem.(*sPoem).GetDetail
    	/Users/tea/program/go/poetry/internal/logic/poem/poem.go:55
   2).  poetry/internal/controller.(*cPoem).GetDetail
    	/Users/tea/program/go/poetry/internal/controller/poem.go:36
   3).  github.com/gogf/gf/v2/net/ghttp.(*middleware).callHandlerFunc.func1
    	/Users/tea/go/pkg/mod/github.com/gogf/gf/v2@v2.0.6/net/ghttp/ghttp_request_middleware.go:151
   4).  github.com/gogf/gf/v2/net/ghttp.niceCallFunc
    	/Users/tea/go/pkg/mod/github.com/gogf/gf/v2@v2.0.6/net/ghttp/ghttp_func.go:56
   5).  github.com/gogf/gf/v2/net/ghttp.(*middleware).callHandlerFunc
    	/Users/tea/go/pkg/mod/github.com/gogf/gf/v2@v2.0.6/net/ghttp/ghttp_request_middleware.go:128
   6).  github.com/gogf/gf/v2/net/ghttp.(*middleware).Next.func1
    	/Users/tea/go/pkg/mod/github.com/gogf/gf/v2@v2.0.6/net/ghttp/ghttp_request_middleware.go:74
   7).  github.com/gogf/gf/v2/util/gutil.TryCatch
    	/Users/tea/go/pkg/mod/github.com/gogf/gf/v2@v2.0.6/util/gutil/gutil.go:55
   8).  github.com/gogf/gf/v2/net/ghttp.(*middleware).Next
    	/Users/tea/go/pkg/mod/github.com/gogf/gf/v2@v2.0.6/net/ghttp/ghttp_request_middleware.go:48
   9).  github.com/gogf/gf/v2/net/ghttp.MiddlewareHandlerResponse
    	/Users/tea/go/pkg/mod/github.com/gogf/gf/v2@v2.0.6/net/ghttp/ghttp_middleware_handler_response.go:26
   10). github.com/gogf/gf/v2/net/ghttp.(*middleware).Next.func1.1
    	/Users/tea/go/pkg/mod/github.com/gogf/gf/v2@v2.0.6/net/ghttp/ghttp_request_middleware.go:54
   11). github.com/gogf/gf/v2/net/ghttp.niceCallFunc
    	/Users/tea/go/pkg/mod/github.com/gogf/gf/v2@v2.0.6/net/ghttp/ghttp_func.go:56
   12). github.com/gogf/gf/v2/net/ghttp.(*middleware).Next.func1
    	/Users/tea/go/pkg/mod/github.com/gogf/gf/v2@v2.0.6/net/ghttp/ghttp_request_middleware.go:53
   13). github.com/gogf/gf/v2/util/gutil.TryCatch
    	/Users/tea/go/pkg/mod/github.com/gogf/gf/v2@v2.0.6/util/gutil/gutil.go:55
   14). github.com/gogf/gf/v2/net/ghttp.(*middleware).Next
    	/Users/tea/go/pkg/mod/github.com/gogf/gf/v2@v2.0.6/net/ghttp/ghttp_request_middleware.go:48
   15). poetry/internal/cmd.glob..func1.1.1
    	/Users/tea/program/go/poetry/internal/cmd/cmd.go:33
   16). github.com/gogf/gf/v2/net/ghttp.(*middleware).Next.func1.1
    	/Users/tea/go/pkg/mod/github.com/gogf/gf/v2@v2.0.6/net/ghttp/ghttp_request_middleware.go:54
   17). github.com/gogf/gf/v2/net/ghttp.niceCallFunc
    	/Users/tea/go/pkg/mod/github.com/gogf/gf/v2@v2.0.6/net/ghttp/ghttp_func.go:56
   18). github.com/gogf/gf/v2/net/ghttp.(*middleware).Next.func1
    	/Users/tea/go/pkg/mod/github.com/gogf/gf/v2@v2.0.6/net/ghttp/ghttp_request_middleware.go:53
   19). github.com/gogf/gf/v2/util/gutil.TryCatch
    	/Users/tea/go/pkg/mod/github.com/gogf/gf/v2@v2.0.6/util/gutil/gutil.go:55
   20). github.com/gogf/gf/v2/net/ghttp.(*middleware).Next
    	/Users/tea/go/pkg/mod/github.com/gogf/gf/v2@v2.0.6/net/ghttp/ghttp_request_middleware.go:48
   21). github.com/gogf/gf/v2/net/ghttp.internalMiddlewareServerTracing
    	/Users/tea/go/pkg/mod/github.com/gogf/gf/v2@v2.0.6/net/ghttp/ghttp_middleware_tracing.go:78
   22). github.com/gogf/gf/v2/net/ghttp.(*middleware).Next.func1.5
    	/Users/tea/go/pkg/mod/github.com/gogf/gf/v2@v2.0.6/net/ghttp/ghttp_request_middleware.go:95
   23). github.com/gogf/gf/v2/net/ghttp.niceCallFunc
    	/Users/tea/go/pkg/mod/github.com/gogf/gf/v2@v2.0.6/net/ghttp/ghttp_func.go:56
   24). github.com/gogf/gf/v2/net/ghttp.(*middleware).Next.func1
    	/Users/tea/go/pkg/mod/github.com/gogf/gf/v2@v2.0.6/net/ghttp/ghttp_request_middleware.go:94
   25). github.com/gogf/gf/v2/util/gutil.TryCatch
    	/Users/tea/go/pkg/mod/github.com/gogf/gf/v2@v2.0.6/util/gutil/gutil.go:55
   26). github.com/gogf/gf/v2/net/ghttp.(*middleware).Next
    	/Users/tea/go/pkg/mod/github.com/gogf/gf/v2@v2.0.6/net/ghttp/ghttp_request_middleware.go:48
   27). github.com/gogf/gf/v2/net/ghttp.(*Server).ServeHTTP
    	/Users/tea/go/pkg/mod/github.com/gogf/gf/v2@v2.0.6/net/ghttp/ghttp_server_handler.go:121
2. runtime error: invalid memory address or nil pointer dereference
 
2022-08-22 12:54:59.994 {1035ce00c2910d17e05ad23d71459c2f} 500 "POST http localhost:8080 /api/poem/detail HTTP/1.1" 0.002, ::1, "http://localhost:8081/", "Mozilla/5.0 (Macintosh; Intel Mac OS X 10_15_7) AppleWebKit/537.36 (KHTML, like Gecko) Chrome/98.0.4758.80 Safari/537.36 Edg/98.0.1108.43", 50, "Internal Error", ""
Stack:
1. exception recovered
   1).  poetry/internal/logic/poem.(*sPoem).GetDetail
    	/Users/tea/program/go/poetry/internal/logic/poem/poem.go:55
   2).  poetry/internal/controller.(*cPoem).GetDetail
    	/Users/tea/program/go/poetry/internal/controller/poem.go:36
   3).  github.com/gogf/gf/v2/net/ghttp.(*middleware).callHandlerFunc.func1
    	/Users/tea/go/pkg/mod/github.com/gogf/gf/v2@v2.0.6/net/ghttp/ghttp_request_middleware.go:151
   4).  github.com/gogf/gf/v2/net/ghttp.niceCallFunc
    	/Users/tea/go/pkg/mod/github.com/gogf/gf/v2@v2.0.6/net/ghttp/ghttp_func.go:56
   5).  github.com/gogf/gf/v2/net/ghttp.(*middleware).callHandlerFunc
    	/Users/tea/go/pkg/mod/github.com/gogf/gf/v2@v2.0.6/net/ghttp/ghttp_request_middleware.go:128
   6).  github.com/gogf/gf/v2/net/ghttp.(*middleware).Next.func1
    	/Users/tea/go/pkg/mod/github.com/gogf/gf/v2@v2.0.6/net/ghttp/ghttp_request_middleware.go:74
   7).  github.com/gogf/gf/v2/util/gutil.TryCatch
    	/Users/tea/go/pkg/mod/github.com/gogf/gf/v2@v2.0.6/util/gutil/gutil.go:55
   8).  github.com/gogf/gf/v2/net/ghttp.(*middleware).Next
    	/Users/tea/go/pkg/mod/github.com/gogf/gf/v2@v2.0.6/net/ghttp/ghttp_request_middleware.go:48
   9).  github.com/gogf/gf/v2/net/ghttp.MiddlewareHandlerResponse
    	/Users/tea/go/pkg/mod/github.com/gogf/gf/v2@v2.0.6/net/ghttp/ghttp_middleware_handler_response.go:26
   10). github.com/gogf/gf/v2/net/ghttp.(*middleware).Next.func1.1
    	/Users/tea/go/pkg/mod/github.com/gogf/gf/v2@v2.0.6/net/ghttp/ghttp_request_middleware.go:54
   11). github.com/gogf/gf/v2/net/ghttp.niceCallFunc
    	/Users/tea/go/pkg/mod/github.com/gogf/gf/v2@v2.0.6/net/ghttp/ghttp_func.go:56
   12). github.com/gogf/gf/v2/net/ghttp.(*middleware).Next.func1
    	/Users/tea/go/pkg/mod/github.com/gogf/gf/v2@v2.0.6/net/ghttp/ghttp_request_middleware.go:53
   13). github.com/gogf/gf/v2/util/gutil.TryCatch
    	/Users/tea/go/pkg/mod/github.com/gogf/gf/v2@v2.0.6/util/gutil/gutil.go:55
   14). github.com/gogf/gf/v2/net/ghttp.(*middleware).Next
    	/Users/tea/go/pkg/mod/github.com/gogf/gf/v2@v2.0.6/net/ghttp/ghttp_request_middleware.go:48
   15). poetry/internal/cmd.glob..func1.1.1
    	/Users/tea/program/go/poetry/internal/cmd/cmd.go:33
   16). github.com/gogf/gf/v2/net/ghttp.(*middleware).Next.func1.1
    	/Users/tea/go/pkg/mod/github.com/gogf/gf/v2@v2.0.6/net/ghttp/ghttp_request_middleware.go:54
   17). github.com/gogf/gf/v2/net/ghttp.niceCallFunc
    	/Users/tea/go/pkg/mod/github.com/gogf/gf/v2@v2.0.6/net/ghttp/ghttp_func.go:56
   18). github.com/gogf/gf/v2/net/ghttp.(*middleware).Next.func1
    	/Users/tea/go/pkg/mod/github.com/gogf/gf/v2@v2.0.6/net/ghttp/ghttp_request_middleware.go:53
   19). github.com/gogf/gf/v2/util/gutil.TryCatch
    	/Users/tea/go/pkg/mod/github.com/gogf/gf/v2@v2.0.6/util/gutil/gutil.go:55
   20). github.com/gogf/gf/v2/net/ghttp.(*middleware).Next
    	/Users/tea/go/pkg/mod/github.com/gogf/gf/v2@v2.0.6/net/ghttp/ghttp_request_middleware.go:48
   21). github.com/gogf/gf/v2/net/ghttp.internalMiddlewareServerTracing
    	/Users/tea/go/pkg/mod/github.com/gogf/gf/v2@v2.0.6/net/ghttp/ghttp_middleware_tracing.go:78
   22). github.com/gogf/gf/v2/net/ghttp.(*middleware).Next.func1.5
    	/Users/tea/go/pkg/mod/github.com/gogf/gf/v2@v2.0.6/net/ghttp/ghttp_request_middleware.go:95
   23). github.com/gogf/gf/v2/net/ghttp.niceCallFunc
    	/Users/tea/go/pkg/mod/github.com/gogf/gf/v2@v2.0.6/net/ghttp/ghttp_func.go:56
   24). github.com/gogf/gf/v2/net/ghttp.(*middleware).Next.func1
    	/Users/tea/go/pkg/mod/github.com/gogf/gf/v2@v2.0.6/net/ghttp/ghttp_request_middleware.go:94
   25). github.com/gogf/gf/v2/util/gutil.TryCatch
    	/Users/tea/go/pkg/mod/github.com/gogf/gf/v2@v2.0.6/util/gutil/gutil.go:55
   26). github.com/gogf/gf/v2/net/ghttp.(*middleware).Next
    	/Users/tea/go/pkg/mod/github.com/gogf/gf/v2@v2.0.6/net/ghttp/ghttp_request_middleware.go:48
   27). github.com/gogf/gf/v2/net/ghttp.(*Server).ServeHTTP
    	/Users/tea/go/pkg/mod/github.com/gogf/gf/v2@v2.0.6/net/ghttp/ghttp_server_handler.go:121
2. runtime error: invalid memory address or nil pointer dereference
 
2022-08-22 12:57:41.334 {38665591e7910d172b66c925f4668a01} 500 "POST http localhost:8080 /api/poem/detail HTTP/1.1" 0.003, ::1, "http://localhost:8081/", "Mozilla/5.0 (Macintosh; Intel Mac OS X 10_15_7) AppleWebKit/537.36 (KHTML, like Gecko) Chrome/98.0.4758.80 Safari/537.36 Edg/98.0.1108.43", 50, "Internal Error", ""
Stack:
1. exception recovered
   1).  poetry/internal/logic/poem.(*sPoem).GetDetail
    	/Users/tea/program/go/poetry/internal/logic/poem/poem.go:58
   2).  poetry/internal/controller.(*cPoem).GetDetail
    	/Users/tea/program/go/poetry/internal/controller/poem.go:36
   3).  github.com/gogf/gf/v2/net/ghttp.(*middleware).callHandlerFunc.func1
    	/Users/tea/go/pkg/mod/github.com/gogf/gf/v2@v2.0.6/net/ghttp/ghttp_request_middleware.go:151
   4).  github.com/gogf/gf/v2/net/ghttp.niceCallFunc
    	/Users/tea/go/pkg/mod/github.com/gogf/gf/v2@v2.0.6/net/ghttp/ghttp_func.go:56
   5).  github.com/gogf/gf/v2/net/ghttp.(*middleware).callHandlerFunc
    	/Users/tea/go/pkg/mod/github.com/gogf/gf/v2@v2.0.6/net/ghttp/ghttp_request_middleware.go:128
   6).  github.com/gogf/gf/v2/net/ghttp.(*middleware).Next.func1
    	/Users/tea/go/pkg/mod/github.com/gogf/gf/v2@v2.0.6/net/ghttp/ghttp_request_middleware.go:74
   7).  github.com/gogf/gf/v2/util/gutil.TryCatch
    	/Users/tea/go/pkg/mod/github.com/gogf/gf/v2@v2.0.6/util/gutil/gutil.go:55
   8).  github.com/gogf/gf/v2/net/ghttp.(*middleware).Next
    	/Users/tea/go/pkg/mod/github.com/gogf/gf/v2@v2.0.6/net/ghttp/ghttp_request_middleware.go:48
   9).  github.com/gogf/gf/v2/net/ghttp.MiddlewareHandlerResponse
    	/Users/tea/go/pkg/mod/github.com/gogf/gf/v2@v2.0.6/net/ghttp/ghttp_middleware_handler_response.go:26
   10). github.com/gogf/gf/v2/net/ghttp.(*middleware).Next.func1.1
    	/Users/tea/go/pkg/mod/github.com/gogf/gf/v2@v2.0.6/net/ghttp/ghttp_request_middleware.go:54
   11). github.com/gogf/gf/v2/net/ghttp.niceCallFunc
    	/Users/tea/go/pkg/mod/github.com/gogf/gf/v2@v2.0.6/net/ghttp/ghttp_func.go:56
   12). github.com/gogf/gf/v2/net/ghttp.(*middleware).Next.func1
    	/Users/tea/go/pkg/mod/github.com/gogf/gf/v2@v2.0.6/net/ghttp/ghttp_request_middleware.go:53
   13). github.com/gogf/gf/v2/util/gutil.TryCatch
    	/Users/tea/go/pkg/mod/github.com/gogf/gf/v2@v2.0.6/util/gutil/gutil.go:55
   14). github.com/gogf/gf/v2/net/ghttp.(*middleware).Next
    	/Users/tea/go/pkg/mod/github.com/gogf/gf/v2@v2.0.6/net/ghttp/ghttp_request_middleware.go:48
   15). poetry/internal/cmd.glob..func1.1.1
    	/Users/tea/program/go/poetry/internal/cmd/cmd.go:33
   16). github.com/gogf/gf/v2/net/ghttp.(*middleware).Next.func1.1
    	/Users/tea/go/pkg/mod/github.com/gogf/gf/v2@v2.0.6/net/ghttp/ghttp_request_middleware.go:54
   17). github.com/gogf/gf/v2/net/ghttp.niceCallFunc
    	/Users/tea/go/pkg/mod/github.com/gogf/gf/v2@v2.0.6/net/ghttp/ghttp_func.go:56
   18). github.com/gogf/gf/v2/net/ghttp.(*middleware).Next.func1
    	/Users/tea/go/pkg/mod/github.com/gogf/gf/v2@v2.0.6/net/ghttp/ghttp_request_middleware.go:53
   19). github.com/gogf/gf/v2/util/gutil.TryCatch
    	/Users/tea/go/pkg/mod/github.com/gogf/gf/v2@v2.0.6/util/gutil/gutil.go:55
   20). github.com/gogf/gf/v2/net/ghttp.(*middleware).Next
    	/Users/tea/go/pkg/mod/github.com/gogf/gf/v2@v2.0.6/net/ghttp/ghttp_request_middleware.go:48
   21). github.com/gogf/gf/v2/net/ghttp.internalMiddlewareServerTracing
    	/Users/tea/go/pkg/mod/github.com/gogf/gf/v2@v2.0.6/net/ghttp/ghttp_middleware_tracing.go:78
   22). github.com/gogf/gf/v2/net/ghttp.(*middleware).Next.func1.5
    	/Users/tea/go/pkg/mod/github.com/gogf/gf/v2@v2.0.6/net/ghttp/ghttp_request_middleware.go:95
   23). github.com/gogf/gf/v2/net/ghttp.niceCallFunc
    	/Users/tea/go/pkg/mod/github.com/gogf/gf/v2@v2.0.6/net/ghttp/ghttp_func.go:56
   24). github.com/gogf/gf/v2/net/ghttp.(*middleware).Next.func1
    	/Users/tea/go/pkg/mod/github.com/gogf/gf/v2@v2.0.6/net/ghttp/ghttp_request_middleware.go:94
   25). github.com/gogf/gf/v2/util/gutil.TryCatch
    	/Users/tea/go/pkg/mod/github.com/gogf/gf/v2@v2.0.6/util/gutil/gutil.go:55
   26). github.com/gogf/gf/v2/net/ghttp.(*middleware).Next
    	/Users/tea/go/pkg/mod/github.com/gogf/gf/v2@v2.0.6/net/ghttp/ghttp_request_middleware.go:48
   27). github.com/gogf/gf/v2/net/ghttp.(*Server).ServeHTTP
    	/Users/tea/go/pkg/mod/github.com/gogf/gf/v2@v2.0.6/net/ghttp/ghttp_server_handler.go:121
2. runtime error: invalid memory address or nil pointer dereference
 
2022-08-22 12:57:41.339 {80ec9091e7910d172d66c9257e9f1fe2} 500 "POST http localhost:8080 /api/poem/detail HTTP/1.1" 0.004, ::1, "http://localhost:8081/", "Mozilla/5.0 (Macintosh; Intel Mac OS X 10_15_7) AppleWebKit/537.36 (KHTML, like Gecko) Chrome/98.0.4758.80 Safari/537.36 Edg/98.0.1108.43", 50, "Internal Error", ""
Stack:
1. exception recovered
   1).  poetry/internal/logic/poem.(*sPoem).GetDetail
    	/Users/tea/program/go/poetry/internal/logic/poem/poem.go:58
   2).  poetry/internal/controller.(*cPoem).GetDetail
    	/Users/tea/program/go/poetry/internal/controller/poem.go:36
   3).  github.com/gogf/gf/v2/net/ghttp.(*middleware).callHandlerFunc.func1
    	/Users/tea/go/pkg/mod/github.com/gogf/gf/v2@v2.0.6/net/ghttp/ghttp_request_middleware.go:151
   4).  github.com/gogf/gf/v2/net/ghttp.niceCallFunc
    	/Users/tea/go/pkg/mod/github.com/gogf/gf/v2@v2.0.6/net/ghttp/ghttp_func.go:56
   5).  github.com/gogf/gf/v2/net/ghttp.(*middleware).callHandlerFunc
    	/Users/tea/go/pkg/mod/github.com/gogf/gf/v2@v2.0.6/net/ghttp/ghttp_request_middleware.go:128
   6).  github.com/gogf/gf/v2/net/ghttp.(*middleware).Next.func1
    	/Users/tea/go/pkg/mod/github.com/gogf/gf/v2@v2.0.6/net/ghttp/ghttp_request_middleware.go:74
   7).  github.com/gogf/gf/v2/util/gutil.TryCatch
    	/Users/tea/go/pkg/mod/github.com/gogf/gf/v2@v2.0.6/util/gutil/gutil.go:55
   8).  github.com/gogf/gf/v2/net/ghttp.(*middleware).Next
    	/Users/tea/go/pkg/mod/github.com/gogf/gf/v2@v2.0.6/net/ghttp/ghttp_request_middleware.go:48
   9).  github.com/gogf/gf/v2/net/ghttp.MiddlewareHandlerResponse
    	/Users/tea/go/pkg/mod/github.com/gogf/gf/v2@v2.0.6/net/ghttp/ghttp_middleware_handler_response.go:26
   10). github.com/gogf/gf/v2/net/ghttp.(*middleware).Next.func1.1
    	/Users/tea/go/pkg/mod/github.com/gogf/gf/v2@v2.0.6/net/ghttp/ghttp_request_middleware.go:54
   11). github.com/gogf/gf/v2/net/ghttp.niceCallFunc
    	/Users/tea/go/pkg/mod/github.com/gogf/gf/v2@v2.0.6/net/ghttp/ghttp_func.go:56
   12). github.com/gogf/gf/v2/net/ghttp.(*middleware).Next.func1
    	/Users/tea/go/pkg/mod/github.com/gogf/gf/v2@v2.0.6/net/ghttp/ghttp_request_middleware.go:53
   13). github.com/gogf/gf/v2/util/gutil.TryCatch
    	/Users/tea/go/pkg/mod/github.com/gogf/gf/v2@v2.0.6/util/gutil/gutil.go:55
   14). github.com/gogf/gf/v2/net/ghttp.(*middleware).Next
    	/Users/tea/go/pkg/mod/github.com/gogf/gf/v2@v2.0.6/net/ghttp/ghttp_request_middleware.go:48
   15). poetry/internal/cmd.glob..func1.1.1
    	/Users/tea/program/go/poetry/internal/cmd/cmd.go:33
   16). github.com/gogf/gf/v2/net/ghttp.(*middleware).Next.func1.1
    	/Users/tea/go/pkg/mod/github.com/gogf/gf/v2@v2.0.6/net/ghttp/ghttp_request_middleware.go:54
   17). github.com/gogf/gf/v2/net/ghttp.niceCallFunc
    	/Users/tea/go/pkg/mod/github.com/gogf/gf/v2@v2.0.6/net/ghttp/ghttp_func.go:56
   18). github.com/gogf/gf/v2/net/ghttp.(*middleware).Next.func1
    	/Users/tea/go/pkg/mod/github.com/gogf/gf/v2@v2.0.6/net/ghttp/ghttp_request_middleware.go:53
   19). github.com/gogf/gf/v2/util/gutil.TryCatch
    	/Users/tea/go/pkg/mod/github.com/gogf/gf/v2@v2.0.6/util/gutil/gutil.go:55
   20). github.com/gogf/gf/v2/net/ghttp.(*middleware).Next
    	/Users/tea/go/pkg/mod/github.com/gogf/gf/v2@v2.0.6/net/ghttp/ghttp_request_middleware.go:48
   21). github.com/gogf/gf/v2/net/ghttp.internalMiddlewareServerTracing
    	/Users/tea/go/pkg/mod/github.com/gogf/gf/v2@v2.0.6/net/ghttp/ghttp_middleware_tracing.go:78
   22). github.com/gogf/gf/v2/net/ghttp.(*middleware).Next.func1.5
    	/Users/tea/go/pkg/mod/github.com/gogf/gf/v2@v2.0.6/net/ghttp/ghttp_request_middleware.go:95
   23). github.com/gogf/gf/v2/net/ghttp.niceCallFunc
    	/Users/tea/go/pkg/mod/github.com/gogf/gf/v2@v2.0.6/net/ghttp/ghttp_func.go:56
   24). github.com/gogf/gf/v2/net/ghttp.(*middleware).Next.func1
    	/Users/tea/go/pkg/mod/github.com/gogf/gf/v2@v2.0.6/net/ghttp/ghttp_request_middleware.go:94
   25). github.com/gogf/gf/v2/util/gutil.TryCatch
    	/Users/tea/go/pkg/mod/github.com/gogf/gf/v2@v2.0.6/util/gutil/gutil.go:55
   26). github.com/gogf/gf/v2/net/ghttp.(*middleware).Next
    	/Users/tea/go/pkg/mod/github.com/gogf/gf/v2@v2.0.6/net/ghttp/ghttp_request_middleware.go:48
   27). github.com/gogf/gf/v2/net/ghttp.(*Server).ServeHTTP
    	/Users/tea/go/pkg/mod/github.com/gogf/gf/v2@v2.0.6/net/ghttp/ghttp_server_handler.go:121
2. runtime error: invalid memory address or nil pointer dereference
 
2022-08-22 12:59:08.808 {807c57effb910d17a4ac312cecf8516e} 500 "POST http localhost:8080 /api/poem/detail HTTP/1.1" 0.001, ::1, "http://localhost:8081/", "Mozilla/5.0 (Macintosh; Intel Mac OS X 10_15_7) AppleWebKit/537.36 (KHTML, like Gecko) Chrome/98.0.4758.80 Safari/537.36 Edg/98.0.1108.43", 50, "Internal Error", ""
Stack:
1. exception recovered
   1).  poetry/internal/logic/poem.(*sPoem).GetDetail
    	/Users/tea/program/go/poetry/internal/logic/poem/poem.go:54
   2).  poetry/internal/controller.(*cPoem).GetDetail
    	/Users/tea/program/go/poetry/internal/controller/poem.go:36
   3).  github.com/gogf/gf/v2/net/ghttp.(*middleware).callHandlerFunc.func1
    	/Users/tea/go/pkg/mod/github.com/gogf/gf/v2@v2.0.6/net/ghttp/ghttp_request_middleware.go:151
   4).  github.com/gogf/gf/v2/net/ghttp.niceCallFunc
    	/Users/tea/go/pkg/mod/github.com/gogf/gf/v2@v2.0.6/net/ghttp/ghttp_func.go:56
   5).  github.com/gogf/gf/v2/net/ghttp.(*middleware).callHandlerFunc
    	/Users/tea/go/pkg/mod/github.com/gogf/gf/v2@v2.0.6/net/ghttp/ghttp_request_middleware.go:128
   6).  github.com/gogf/gf/v2/net/ghttp.(*middleware).Next.func1
    	/Users/tea/go/pkg/mod/github.com/gogf/gf/v2@v2.0.6/net/ghttp/ghttp_request_middleware.go:74
   7).  github.com/gogf/gf/v2/util/gutil.TryCatch
    	/Users/tea/go/pkg/mod/github.com/gogf/gf/v2@v2.0.6/util/gutil/gutil.go:55
   8).  github.com/gogf/gf/v2/net/ghttp.(*middleware).Next
    	/Users/tea/go/pkg/mod/github.com/gogf/gf/v2@v2.0.6/net/ghttp/ghttp_request_middleware.go:48
   9).  github.com/gogf/gf/v2/net/ghttp.MiddlewareHandlerResponse
    	/Users/tea/go/pkg/mod/github.com/gogf/gf/v2@v2.0.6/net/ghttp/ghttp_middleware_handler_response.go:26
   10). github.com/gogf/gf/v2/net/ghttp.(*middleware).Next.func1.1
    	/Users/tea/go/pkg/mod/github.com/gogf/gf/v2@v2.0.6/net/ghttp/ghttp_request_middleware.go:54
   11). github.com/gogf/gf/v2/net/ghttp.niceCallFunc
    	/Users/tea/go/pkg/mod/github.com/gogf/gf/v2@v2.0.6/net/ghttp/ghttp_func.go:56
   12). github.com/gogf/gf/v2/net/ghttp.(*middleware).Next.func1
    	/Users/tea/go/pkg/mod/github.com/gogf/gf/v2@v2.0.6/net/ghttp/ghttp_request_middleware.go:53
   13). github.com/gogf/gf/v2/util/gutil.TryCatch
    	/Users/tea/go/pkg/mod/github.com/gogf/gf/v2@v2.0.6/util/gutil/gutil.go:55
   14). github.com/gogf/gf/v2/net/ghttp.(*middleware).Next
    	/Users/tea/go/pkg/mod/github.com/gogf/gf/v2@v2.0.6/net/ghttp/ghttp_request_middleware.go:48
   15). poetry/internal/cmd.glob..func1.1.1
    	/Users/tea/program/go/poetry/internal/cmd/cmd.go:33
   16). github.com/gogf/gf/v2/net/ghttp.(*middleware).Next.func1.1
    	/Users/tea/go/pkg/mod/github.com/gogf/gf/v2@v2.0.6/net/ghttp/ghttp_request_middleware.go:54
   17). github.com/gogf/gf/v2/net/ghttp.niceCallFunc
    	/Users/tea/go/pkg/mod/github.com/gogf/gf/v2@v2.0.6/net/ghttp/ghttp_func.go:56
   18). github.com/gogf/gf/v2/net/ghttp.(*middleware).Next.func1
    	/Users/tea/go/pkg/mod/github.com/gogf/gf/v2@v2.0.6/net/ghttp/ghttp_request_middleware.go:53
   19). github.com/gogf/gf/v2/util/gutil.TryCatch
    	/Users/tea/go/pkg/mod/github.com/gogf/gf/v2@v2.0.6/util/gutil/gutil.go:55
   20). github.com/gogf/gf/v2/net/ghttp.(*middleware).Next
    	/Users/tea/go/pkg/mod/github.com/gogf/gf/v2@v2.0.6/net/ghttp/ghttp_request_middleware.go:48
   21). github.com/gogf/gf/v2/net/ghttp.internalMiddlewareServerTracing
    	/Users/tea/go/pkg/mod/github.com/gogf/gf/v2@v2.0.6/net/ghttp/ghttp_middleware_tracing.go:78
   22). github.com/gogf/gf/v2/net/ghttp.(*middleware).Next.func1.5
    	/Users/tea/go/pkg/mod/github.com/gogf/gf/v2@v2.0.6/net/ghttp/ghttp_request_middleware.go:95
   23). github.com/gogf/gf/v2/net/ghttp.niceCallFunc
    	/Users/tea/go/pkg/mod/github.com/gogf/gf/v2@v2.0.6/net/ghttp/ghttp_func.go:56
   24). github.com/gogf/gf/v2/net/ghttp.(*middleware).Next.func1
    	/Users/tea/go/pkg/mod/github.com/gogf/gf/v2@v2.0.6/net/ghttp/ghttp_request_middleware.go:94
   25). github.com/gogf/gf/v2/util/gutil.TryCatch
    	/Users/tea/go/pkg/mod/github.com/gogf/gf/v2@v2.0.6/util/gutil/gutil.go:55
   26). github.com/gogf/gf/v2/net/ghttp.(*middleware).Next
    	/Users/tea/go/pkg/mod/github.com/gogf/gf/v2@v2.0.6/net/ghttp/ghttp_request_middleware.go:48
   27). github.com/gogf/gf/v2/net/ghttp.(*Server).ServeHTTP
    	/Users/tea/go/pkg/mod/github.com/gogf/gf/v2@v2.0.6/net/ghttp/ghttp_server_handler.go:121
2. runtime error: invalid memory address or nil pointer dereference
 
2022-08-22 12:59:08.812 {d0ef8eeffb910d17a6ac312c983c9861} 500 "POST http localhost:8080 /api/poem/detail HTTP/1.1" 0.001, ::1, "http://localhost:8081/", "Mozilla/5.0 (Macintosh; Intel Mac OS X 10_15_7) AppleWebKit/537.36 (KHTML, like Gecko) Chrome/98.0.4758.80 Safari/537.36 Edg/98.0.1108.43", 50, "Internal Error", ""
Stack:
1. exception recovered
   1).  poetry/internal/logic/poem.(*sPoem).GetDetail
    	/Users/tea/program/go/poetry/internal/logic/poem/poem.go:54
   2).  poetry/internal/controller.(*cPoem).GetDetail
    	/Users/tea/program/go/poetry/internal/controller/poem.go:36
   3).  github.com/gogf/gf/v2/net/ghttp.(*middleware).callHandlerFunc.func1
    	/Users/tea/go/pkg/mod/github.com/gogf/gf/v2@v2.0.6/net/ghttp/ghttp_request_middleware.go:151
   4).  github.com/gogf/gf/v2/net/ghttp.niceCallFunc
    	/Users/tea/go/pkg/mod/github.com/gogf/gf/v2@v2.0.6/net/ghttp/ghttp_func.go:56
   5).  github.com/gogf/gf/v2/net/ghttp.(*middleware).callHandlerFunc
    	/Users/tea/go/pkg/mod/github.com/gogf/gf/v2@v2.0.6/net/ghttp/ghttp_request_middleware.go:128
   6).  github.com/gogf/gf/v2/net/ghttp.(*middleware).Next.func1
    	/Users/tea/go/pkg/mod/github.com/gogf/gf/v2@v2.0.6/net/ghttp/ghttp_request_middleware.go:74
   7).  github.com/gogf/gf/v2/util/gutil.TryCatch
    	/Users/tea/go/pkg/mod/github.com/gogf/gf/v2@v2.0.6/util/gutil/gutil.go:55
   8).  github.com/gogf/gf/v2/net/ghttp.(*middleware).Next
    	/Users/tea/go/pkg/mod/github.com/gogf/gf/v2@v2.0.6/net/ghttp/ghttp_request_middleware.go:48
   9).  github.com/gogf/gf/v2/net/ghttp.MiddlewareHandlerResponse
    	/Users/tea/go/pkg/mod/github.com/gogf/gf/v2@v2.0.6/net/ghttp/ghttp_middleware_handler_response.go:26
   10). github.com/gogf/gf/v2/net/ghttp.(*middleware).Next.func1.1
    	/Users/tea/go/pkg/mod/github.com/gogf/gf/v2@v2.0.6/net/ghttp/ghttp_request_middleware.go:54
   11). github.com/gogf/gf/v2/net/ghttp.niceCallFunc
    	/Users/tea/go/pkg/mod/github.com/gogf/gf/v2@v2.0.6/net/ghttp/ghttp_func.go:56
   12). github.com/gogf/gf/v2/net/ghttp.(*middleware).Next.func1
    	/Users/tea/go/pkg/mod/github.com/gogf/gf/v2@v2.0.6/net/ghttp/ghttp_request_middleware.go:53
   13). github.com/gogf/gf/v2/util/gutil.TryCatch
    	/Users/tea/go/pkg/mod/github.com/gogf/gf/v2@v2.0.6/util/gutil/gutil.go:55
   14). github.com/gogf/gf/v2/net/ghttp.(*middleware).Next
    	/Users/tea/go/pkg/mod/github.com/gogf/gf/v2@v2.0.6/net/ghttp/ghttp_request_middleware.go:48
   15). poetry/internal/cmd.glob..func1.1.1
    	/Users/tea/program/go/poetry/internal/cmd/cmd.go:33
   16). github.com/gogf/gf/v2/net/ghttp.(*middleware).Next.func1.1
    	/Users/tea/go/pkg/mod/github.com/gogf/gf/v2@v2.0.6/net/ghttp/ghttp_request_middleware.go:54
   17). github.com/gogf/gf/v2/net/ghttp.niceCallFunc
    	/Users/tea/go/pkg/mod/github.com/gogf/gf/v2@v2.0.6/net/ghttp/ghttp_func.go:56
   18). github.com/gogf/gf/v2/net/ghttp.(*middleware).Next.func1
    	/Users/tea/go/pkg/mod/github.com/gogf/gf/v2@v2.0.6/net/ghttp/ghttp_request_middleware.go:53
   19). github.com/gogf/gf/v2/util/gutil.TryCatch
    	/Users/tea/go/pkg/mod/github.com/gogf/gf/v2@v2.0.6/util/gutil/gutil.go:55
   20). github.com/gogf/gf/v2/net/ghttp.(*middleware).Next
    	/Users/tea/go/pkg/mod/github.com/gogf/gf/v2@v2.0.6/net/ghttp/ghttp_request_middleware.go:48
   21). github.com/gogf/gf/v2/net/ghttp.internalMiddlewareServerTracing
    	/Users/tea/go/pkg/mod/github.com/gogf/gf/v2@v2.0.6/net/ghttp/ghttp_middleware_tracing.go:78
   22). github.com/gogf/gf/v2/net/ghttp.(*middleware).Next.func1.5
    	/Users/tea/go/pkg/mod/github.com/gogf/gf/v2@v2.0.6/net/ghttp/ghttp_request_middleware.go:95
   23). github.com/gogf/gf/v2/net/ghttp.niceCallFunc
    	/Users/tea/go/pkg/mod/github.com/gogf/gf/v2@v2.0.6/net/ghttp/ghttp_func.go:56
   24). github.com/gogf/gf/v2/net/ghttp.(*middleware).Next.func1
    	/Users/tea/go/pkg/mod/github.com/gogf/gf/v2@v2.0.6/net/ghttp/ghttp_request_middleware.go:94
   25). github.com/gogf/gf/v2/util/gutil.TryCatch
    	/Users/tea/go/pkg/mod/github.com/gogf/gf/v2@v2.0.6/util/gutil/gutil.go:55
   26). github.com/gogf/gf/v2/net/ghttp.(*middleware).Next
    	/Users/tea/go/pkg/mod/github.com/gogf/gf/v2@v2.0.6/net/ghttp/ghttp_request_middleware.go:48
   27). github.com/gogf/gf/v2/net/ghttp.(*Server).ServeHTTP
    	/Users/tea/go/pkg/mod/github.com/gogf/gf/v2@v2.0.6/net/ghttp/ghttp_server_handler.go:121
2. runtime error: invalid memory address or nil pointer dereference
 
